This is pdfTeX, Version 3.141592653-2.6-1.40.28 (MiKTeX 25.12) (preloaded format=pdflatex 2026.1.7)  14 JAN 2026 19:40
entering extended mode
 restricted \write18 enabled.
 file:line:error style messages enabled.
 %&-line parsing enabled.
**c:/Users/Adler/Shared/UNI/Trustworthy/Presentation/main.tex
(c:/Users/Adler/Shared/UNI/Trustworthy/Presentation/main.tex
LaTeX2e <2025-11-01>
L3 programming layer <2025-12-24>
(ICEbeamerTUMCD.cls
Document Class: ICEbeamerTUMCD 2019/10/27 ICE Beamer Class

-------------------------------------------------------------------
ICEbeamer TUM CD Class (ICEbeamerTUMCD.sty) Version 0.92, Apr. 2020
 Institute for Communications Engineering
 Technische Universitaet Muenchen
-------------------------------------------------------------------
(F:\MiKTeX\tex/latex/kvoptions\kvoptions.sty
Package: kvoptions 2022-06-15 v3.15 Key value format for package options (HO)
 (F:\MiKTeX\tex/latex/graphics\keyval.sty
Package: keyval 2022/05/29 v1.15 key=value parser (DPC)
\KV@toks@=\toks17
) (F:\MiKTeX\tex/generic/ltxcmds\ltxcmds.sty
Package: ltxcmds 2023-12-04 v1.26 LaTeX kernel commands for general use (HO)
) (F:\MiKTeX\tex/latex/kvsetkeys\kvsetkeys.sty
Package: kvsetkeys 2022-10-05 v1.19 Key value parser (HO)
))

Package ICEbeamer Warning: Unknown option ‘aspectratio=1610’ on input line 79.


Package ICEbeamer Warning: Unknown option ‘10pt’ on input line 79.

(F:\MiKTeX\tex/latex/beamer\beamer.cls
Document Class: beamer 2025/08/13 v3.76 A class for typesetting presentations
(F:\MiKTeX\tex/latex/beamer\beamerbasemodes.sty (F:\MiKTeX\tex/latex/etoolbox\etoolbox.sty
Package: etoolbox 2025/10/02 v2.5m e-TeX tools for LaTeX (JAW)
\etb@tempcnta=\count275
)
\beamer@tempbox=\box53
\beamer@tempcount=\count276
\c@beamerpauses=\count277
 (F:\MiKTeX\tex/latex/beamer\beamerbasedecode.sty
\beamer@slideinframe=\count278
\beamer@minimum=\count279
\beamer@decode@box=\box54
)
\beamer@commentbox=\box55
\beamer@modecount=\count280
) (F:\MiKTeX\tex/generic/iftex\iftex.sty
Package: iftex 2024/12/12 v1.0g TeX engine tests
)
\headdp=\dimen148
\footheight=\dimen149
\sidebarheight=\dimen150
\beamer@tempdim=\dimen151
\beamer@finalheight=\dimen152
\beamer@animht=\dimen153
\beamer@animdp=\dimen154
\beamer@animwd=\dimen155
\beamer@leftmargin=\dimen156
\beamer@rightmargin=\dimen157
\beamer@leftsidebar=\dimen158
\beamer@rightsidebar=\dimen159
\beamer@boxsize=\dimen160
\beamer@vboxoffset=\dimen161
\beamer@descdefault=\dimen162
\beamer@descriptionwidth=\dimen163
\beamer@lastskip=\skip49
\beamer@areabox=\box56
\beamer@animcurrent=\box57
\beamer@animshowbox=\box58
\beamer@sectionbox=\box59
\beamer@logobox=\box60
\beamer@linebox=\box61
\beamer@sectioncount=\count281
\beamer@subsubsectionmax=\count282
\beamer@subsectionmax=\count283
\beamer@sectionmax=\count284
\beamer@totalheads=\count285
\beamer@headcounter=\count286
\beamer@partstartpage=\count287
\beamer@sectionstartpage=\count288
\beamer@subsectionstartpage=\count289
\beamer@animationtempa=\count290
\beamer@animationtempb=\count291
\beamer@xpos=\count292
\beamer@ypos=\count293
\beamer@ypos@offset=\count294
\beamer@showpartnumber=\count295
\beamer@currentsubsection=\count296
\beamer@coveringdepth=\count297
\beamer@sectionadjust=\count298
\beamer@toclastsection=\count299
\beamer@tocsectionnumber=\count300
 (F:\MiKTeX\tex/latex/beamer\beamerbaseoptions.sty)
\beamer@paperwidth=\skip50
\beamer@paperheight=\skip51
 (F:\MiKTeX\tex/latex/geometry\geometry.sty
Package: geometry 2020/01/02 v5.9 Page Geometry
 (F:\MiKTeX\tex/generic/iftex\ifvtex.sty
Package: ifvtex 2019/10/25 v1.7 ifvtex legacy package. Use iftex instead.
)
\Gm@cnth=\count301
\Gm@cntv=\count302
\c@Gm@tempcnt=\count303
\Gm@bindingoffset=\dimen164
\Gm@wd@mp=\dimen165
\Gm@odd@mp=\dimen166
\Gm@even@mp=\dimen167
\Gm@layoutwidth=\dimen168
\Gm@layoutheight=\dimen169
\Gm@layouthoffset=\dimen170
\Gm@layoutvoffset=\dimen171
\Gm@dimlist=\toks18
 (F:\MiKTeX\tex/latex/geometry\geometry.cfg)) (F:\MiKTeX\tex/latex/pgf/math\pgfmath.sty (F:\MiKTeX\tex/latex/pgf/utilities\pgfrcs.sty (F:\MiKTeX\tex/generic/pgf/utilities\pgfutil-common.tex
\pgfutil@everybye=\toks19
\pgfutil@tempdima=\dimen172
\pgfutil@tempdimb=\dimen173
) (F:\MiKTeX\tex/generic/pgf/utilities\pgfutil-latex.def
\pgfutil@abb=\box62
) (F:\MiKTeX\tex/generic/pgf/utilities\pgfrcs.code.tex (F:\MiKTeX\tex/generic/pgf\pgf.revision.tex)
Package: pgfrcs 2025-08-29 v3.1.11a (3.1.11a)
)) (F:\MiKTeX\tex/latex/pgf/utilities\pgfkeys.sty (F:\MiKTeX\tex/generic/pgf/utilities\pgfkeys.code.tex
\pgfkeys@pathtoks=\toks20
\pgfkeys@temptoks=\toks21
 (F:\MiKTeX\tex/generic/pgf/utilities\pgfkeyslibraryfiltered.code.tex
\pgfkeys@tmptoks=\toks22
))) (F:\MiKTeX\tex/generic/pgf/math\pgfmath.code.tex (F:\MiKTeX\tex/generic/pgf/math\pgfmathutil.code.tex
\pgf@x=\dimen174
\pgf@xa=\dimen175
\pgf@xb=\dimen176
\pgf@xc=\dimen177
\pgf@y=\dimen178
\pgf@ya=\dimen179
\pgf@yb=\dimen180
\pgf@yc=\dimen181
\c@pgf@counta=\count304
\c@pgf@countb=\count305
\c@pgf@countc=\count306
\c@pgf@countd=\count307
) (F:\MiKTeX\tex/generic/pgf/math\pgfmathparser.code.tex
\pgfmath@dimen=\dimen182
\pgfmath@count=\count308
\pgfmath@box=\box63
\pgfmath@toks=\toks23
\pgfmath@stack@operand=\toks24
\pgfmath@stack@operation=\toks25
) (F:\MiKTeX\tex/generic/pgf/math\pgfmathfunctions.code.tex) (F:\MiKTeX\tex/generic/pgf/math\pgfmathfunctions.basic.code.tex) (F:\MiKTeX\tex/generic/pgf/math\pgfmathfunctions.trigonometric.code.tex) (F:\MiKTeX\tex/generic/pgf/math\pgfmathfunctions.random.code.tex) (F:\MiKTeX\tex/generic/pgf/math\pgfmathfunctions.comparison.code.tex) (F:\MiKTeX\tex/generic/pgf/math\pgfmathfunctions.base.code.tex) (F:\MiKTeX\tex/generic/pgf/math\pgfmathfunctions.round.code.tex) (F:\MiKTeX\tex/generic/pgf/math\pgfmathfunctions.misc.code.tex) (F:\MiKTeX\tex/generic/pgf/math\pgfmathfunctions.integerarithmetics.code.tex) (F:\MiKTeX\tex/generic/pgf/math\pgfmathcalc.code.tex) (F:\MiKTeX\tex/generic/pgf/math\pgfmathfloat.code.tex
\c@pgfmathroundto@lastzeros=\count309
))) (F:\MiKTeX\tex/latex/base\size10.clo
File: size10.clo 2025/01/22 v1.4n Standard LaTeX file (size option)
) (F:\MiKTeX\tex/latex/pgf/basiclayer\pgfcore.sty (F:\MiKTeX\tex/latex/graphics\graphicx.sty
Package: graphicx 2024/12/31 v1.2e Enhanced LaTeX Graphics (DPC,SPQR)
 (F:\MiKTeX\tex/latex/graphics\graphics.sty
Package: graphics 2024/08/06 v1.4g Standard LaTeX Graphics (DPC,SPQR)
 (F:\MiKTeX\tex/latex/graphics\trig.sty
Package: trig 2023/12/02 v1.11 sin cos tan (DPC)
) (F:\MiKTeX\tex/latex/graphics-cfg\graphics.cfg
File: graphics.cfg 2016/06/04 v1.11 sample graphics configuration
)
Package graphics Info: Driver file: pdftex.def on input line 106.
 (F:\MiKTeX\tex/latex/graphics-def\pdftex.def
File: pdftex.def 2025/09/29 v1.2d Graphics/color driver for pdftex
))
\Gin@req@height=\dimen183
\Gin@req@width=\dimen184
) (F:\MiKTeX\tex/latex/pgf/systemlayer\pgfsys.sty (F:\MiKTeX\tex/generic/pgf/systemlayer\pgfsys.code.tex
Package: pgfsys 2025-08-29 v3.1.11a (3.1.11a)
\pgf@x=\dimen185
\pgf@y=\dimen186
\pgf@xa=\dimen187
\pgf@ya=\dimen188
\pgf@xb=\dimen189
\pgf@yb=\dimen190
\pgf@xc=\dimen191
\pgf@yc=\dimen192
\pgf@xd=\dimen193
\pgf@yd=\dimen194
\w@pgf@writea=\write3
\r@pgf@reada=\read2
\c@pgf@counta=\count310
\c@pgf@countb=\count311
\c@pgf@countc=\count312
\c@pgf@countd=\count313
\t@pgf@toka=\toks26
\t@pgf@tokb=\toks27
\t@pgf@tokc=\toks28
\pgf@sys@id@count=\count314
 (F:\MiKTeX\tex/generic/pgf/systemlayer\pgf.cfg
File: pgf.cfg 2025-08-29 v3.1.11a (3.1.11a)
)
Driver file for pgf: pgfsys-pdftex.def
 (F:\MiKTeX\tex/generic/pgf/systemlayer\pgfsys-pdftex.def
File: pgfsys-pdftex.def 2025-08-29 v3.1.11a (3.1.11a)
 (F:\MiKTeX\tex/generic/pgf/systemlayer\pgfsys-common-pdf.def
File: pgfsys-common-pdf.def 2025-08-29 v3.1.11a (3.1.11a)
))) (F:\MiKTeX\tex/generic/pgf/systemlayer\pgfsyssoftpath.code.tex
File: pgfsyssoftpath.code.tex 2025-08-29 v3.1.11a (3.1.11a)
\pgfsyssoftpath@smallbuffer@items=\count315
\pgfsyssoftpath@bigbuffer@items=\count316
) (F:\MiKTeX\tex/generic/pgf/systemlayer\pgfsysprotocol.code.tex
File: pgfsysprotocol.code.tex 2025-08-29 v3.1.11a (3.1.11a)
)) (F:\MiKTeX\tex/latex/xcolor\xcolor.sty
Package: xcolor 2024/09/29 v3.02 LaTeX color extensions (UK)
 (F:\MiKTeX\tex/latex/graphics-cfg\color.cfg
File: color.cfg 2016/01/02 v1.6 sample color configuration
)
Package xcolor Info: Driver file: pdftex.def on input line 274.
 (F:\MiKTeX\tex/latex/graphics\mathcolor.ltx)
Package xcolor Info: Model `cmy' substituted by `cmy0' on input line 1349.
Package xcolor Info: Model `hsb' substituted by `rgb' on input line 1353.
Package xcolor Info: Model `RGB' extended on input line 1365.
Package xcolor Info: Model `HTML' substituted by `rgb' on input line 1367.
Package xcolor Info: Model `Hsb' substituted by `hsb' on input line 1368.
Package xcolor Info: Model `tHsb' substituted by `hsb' on input line 1369.
Package xcolor Info: Model `HSB' substituted by `hsb' on input line 1370.
Package xcolor Info: Model `Gray' substituted by `gray' on input line 1371.
Package xcolor Info: Model `wave' substituted by `hsb' on input line 1372.
) (F:\MiKTeX\tex/generic/pgf/basiclayer\pgfcore.code.tex
Package: pgfcore 2025-08-29 v3.1.11a (3.1.11a)
 (F:\MiKTeX\tex/generic/pgf/math\pgfint.code.tex) (F:\MiKTeX\tex/generic/pgf/basiclayer\pgfcorepoints.code.tex
File: pgfcorepoints.code.tex 2025-08-29 v3.1.11a (3.1.11a)
\pgf@picminx=\dimen195
\pgf@picmaxx=\dimen196
\pgf@picminy=\dimen197
\pgf@picmaxy=\dimen198
\pgf@pathminx=\dimen199
\pgf@pathmaxx=\dimen256
\pgf@pathminy=\dimen257
\pgf@pathmaxy=\dimen258
\pgf@xx=\dimen259
\pgf@xy=\dimen260
\pgf@yx=\dimen261
\pgf@yy=\dimen262
\pgf@zx=\dimen263
\pgf@zy=\dimen264
) (F:\MiKTeX\tex/generic/pgf/basiclayer\pgfcorepathconstruct.code.tex
File: pgfcorepathconstruct.code.tex 2025-08-29 v3.1.11a (3.1.11a)
\pgf@path@lastx=\dimen265
\pgf@path@lasty=\dimen266
) (F:\MiKTeX\tex/generic/pgf/basiclayer\pgfcorepathusage.code.tex
File: pgfcorepathusage.code.tex 2025-08-29 v3.1.11a (3.1.11a)
\pgf@shorten@end@additional=\dimen267
\pgf@shorten@start@additional=\dimen268
) (F:\MiKTeX\tex/generic/pgf/basiclayer\pgfcorescopes.code.tex
File: pgfcorescopes.code.tex 2025-08-29 v3.1.11a (3.1.11a)
\pgfpic=\box64
\pgf@hbox=\box65
\pgf@layerbox@main=\box66
\pgf@picture@serial@count=\count317
) (F:\MiKTeX\tex/generic/pgf/basiclayer\pgfcoregraphicstate.code.tex
File: pgfcoregraphicstate.code.tex 2025-08-29 v3.1.11a (3.1.11a)
\pgflinewidth=\dimen269
) (F:\MiKTeX\tex/generic/pgf/basiclayer\pgfcoretransformations.code.tex
File: pgfcoretransformations.code.tex 2025-08-29 v3.1.11a (3.1.11a)
\pgf@pt@x=\dimen270
\pgf@pt@y=\dimen271
\pgf@pt@temp=\dimen272
) (F:\MiKTeX\tex/generic/pgf/basiclayer\pgfcorequick.code.tex
File: pgfcorequick.code.tex 2025-08-29 v3.1.11a (3.1.11a)
) (F:\MiKTeX\tex/generic/pgf/basiclayer\pgfcoreobjects.code.tex
File: pgfcoreobjects.code.tex 2025-08-29 v3.1.11a (3.1.11a)
) (F:\MiKTeX\tex/generic/pgf/basiclayer\pgfcorepathprocessing.code.tex
File: pgfcorepathprocessing.code.tex 2025-08-29 v3.1.11a (3.1.11a)
) (F:\MiKTeX\tex/generic/pgf/basiclayer\pgfcorearrows.code.tex
File: pgfcorearrows.code.tex 2025-08-29 v3.1.11a (3.1.11a)
\pgfarrowsep=\dimen273
) (F:\MiKTeX\tex/generic/pgf/basiclayer\pgfcoreshade.code.tex
File: pgfcoreshade.code.tex 2025-08-29 v3.1.11a (3.1.11a)
\pgf@max=\dimen274
\pgf@sys@shading@range@num=\count318
\pgf@shadingcount=\count319
) (F:\MiKTeX\tex/generic/pgf/basiclayer\pgfcoreimage.code.tex
File: pgfcoreimage.code.tex 2025-08-29 v3.1.11a (3.1.11a)
) (F:\MiKTeX\tex/generic/pgf/basiclayer\pgfcoreexternal.code.tex
File: pgfcoreexternal.code.tex 2025-08-29 v3.1.11a (3.1.11a)
\pgfexternal@startupbox=\box67
) (F:\MiKTeX\tex/generic/pgf/basiclayer\pgfcorelayers.code.tex
File: pgfcorelayers.code.tex 2025-08-29 v3.1.11a (3.1.11a)
) (F:\MiKTeX\tex/generic/pgf/basiclayer\pgfcoretransparency.code.tex
File: pgfcoretransparency.code.tex 2025-08-29 v3.1.11a (3.1.11a)
) (F:\MiKTeX\tex/generic/pgf/basiclayer\pgfcorepatterns.code.tex
File: pgfcorepatterns.code.tex 2025-08-29 v3.1.11a (3.1.11a)
) (F:\MiKTeX\tex/generic/pgf/basiclayer\pgfcorerdf.code.tex
File: pgfcorerdf.code.tex 2025-08-29 v3.1.11a (3.1.11a)
))) (F:\MiKTeX\tex/latex/pgf/utilities\xxcolor.sty
Package: xxcolor 2003/10/24 ver 0.1
\XC@nummixins=\count320
\XC@countmixins=\count321
) (F:\MiKTeX\tex/latex/base\atbegshi-ltx.sty
Package: atbegshi-ltx 2021/01/10 v1.0c Emulation of the original atbegshi
package with kernel methods
) (F:\MiKTeX\tex/latex/hyperref\hyperref.sty
Package: hyperref 2025-07-12 v7.01o Hypertext links for LaTeX
 (F:\MiKTeX\tex/generic/kvdefinekeys\kvdefinekeys.sty
Package: kvdefinekeys 2019-12-19 v1.6 Define keys (HO)
) (F:\MiKTeX\tex/generic/pdfescape\pdfescape.sty
Package: pdfescape 2019/12/09 v1.15 Implements pdfTeX's escape features (HO)
 (F:\MiKTeX\tex/generic/pdftexcmds\pdftexcmds.sty
Package: pdftexcmds 2020-06-27 v0.33 Utility functions of pdfTeX for LuaTeX (HO)
 (F:\MiKTeX\tex/generic/infwarerr\infwarerr.sty
Package: infwarerr 2019/12/03 v1.5 Providing info/warning/error messages (HO)
)
Package pdftexcmds Info: \pdf@primitive is available.
Package pdftexcmds Info: \pdf@ifprimitive is available.
Package pdftexcmds Info: \pdfdraftmode found.
)) (F:\MiKTeX\tex/latex/hycolor\hycolor.sty
Package: hycolor 2020-01-27 v1.10 Color options for hyperref/bookmark (HO)
) (F:\MiKTeX\tex/latex/hyperref\nameref.sty
Package: nameref 2025-06-21 v2.57 Cross-referencing by name of section
 (F:\MiKTeX\tex/latex/refcount\refcount.sty
Package: refcount 2019/12/15 v3.6 Data extraction from label references (HO)
) (F:\MiKTeX\tex/generic/gettitlestring\gettitlestring.sty
Package: gettitlestring 2019/12/15 v1.6 Cleanup title references (HO)
)
\c@section@level=\count322
) (F:\MiKTeX\tex/generic/stringenc\stringenc.sty
Package: stringenc 2019/11/29 v1.12 Convert strings between diff. encodings (HO)
)
\@linkdim=\dimen275
\Hy@linkcounter=\count323
\Hy@pagecounter=\count324
 (F:\MiKTeX\tex/latex/hyperref\pd1enc.def
File: pd1enc.def 2025-07-12 v7.01o Hyperref: PDFDocEncoding definition (HO)
Now handling font encoding PD1 ...
... no UTF-8 mapping file for font encoding PD1
) (F:\MiKTeX\tex/generic/intcalc\intcalc.sty
Package: intcalc 2019/12/15 v1.3 Expandable calculations with integers (HO)
)
\Hy@SavedSpaceFactor=\count325
 (F:\MiKTeX\tex/latex/hyperref\puenc.def
File: puenc.def 2025-07-12 v7.01o Hyperref: PDF Unicode definition (HO)
Now handling font encoding PU ...
... no UTF-8 mapping file for font encoding PU
)
Package hyperref Info: Option `bookmarks' set `true' on input line 4066.
Package hyperref Info: Option `bookmarksopen' set `true' on input line 4066.
Package hyperref Info: Option `implicit' set `false' on input line 4066.
Package hyperref Info: Hyper figures OFF on input line 4195.
Package hyperref Info: Link nesting OFF on input line 4200.
Package hyperref Info: Hyper index ON on input line 4203.
Package hyperref Info: Plain pages OFF on input line 4210.
Package hyperref Info: Backreferencing OFF on input line 4215.
Package hyperref Info: Implicit mode OFF; no redefinition of LaTeX internals.
Package hyperref Info: Bookmarks ON on input line 4462.
\c@Hy@tempcnt=\count326
 (F:\MiKTeX\tex/latex/url\url.sty
\Urlmuskip=\muskip17
Package: url 2013/09/16  ver 3.4  Verb mode for urls, etc.
)
LaTeX Info: Redefining \url on input line 4801.
\XeTeXLinkMargin=\dimen276
 (F:\MiKTeX\tex/generic/bitset\bitset.sty
Package: bitset 2019/12/09 v1.3 Handle bit-vector datatype (HO)
 (F:\MiKTeX\tex/generic/bigintcalc\bigintcalc.sty
Package: bigintcalc 2019/12/15 v1.5 Expandable calculations on big integers (HO)
))
\Fld@menulength=\count327
\Field@Width=\dimen277
\Fld@charsize=\dimen278
Package hyperref Info: Hyper figures OFF on input line 6078.
Package hyperref Info: Link nesting OFF on input line 6083.
Package hyperref Info: Hyper index ON on input line 6086.
Package hyperref Info: backreferencing OFF on input line 6093.
Package hyperref Info: Link coloring OFF on input line 6098.
Package hyperref Info: Link coloring with OCG OFF on input line 6103.
Package hyperref Info: PDF/A mode OFF on input line 6108.
\Hy@abspage=\count328


Package hyperref Message: Stopped early.

)
Package hyperref Info: Driver (autodetected): hpdftex.
 (F:\MiKTeX\tex/latex/hyperref\hpdftex.def
File: hpdftex.def 2025-07-12 v7.01o Hyperref driver for pdfTeX
\Fld@listcount=\count329
\c@bookmark@seq@number=\count330
 (F:\MiKTeX\tex/latex/rerunfilecheck\rerunfilecheck.sty
Package: rerunfilecheck 2025-06-21 v1.11 Rerun checks for auxiliary files (HO)
 (F:\MiKTeX\tex/generic/uniquecounter\uniquecounter.sty
Package: uniquecounter 2019/12/15 v1.4 Provide unlimited unique counter (HO)
)
Package uniquecounter Info: New unique counter `rerunfilecheck' on input line 284.
)) (F:\MiKTeX\tex/latex/beamer\beamerbaserequires.sty (F:\MiKTeX\tex/latex/beamer\beamerbasecompatibility.sty) (F:\MiKTeX\tex/latex/beamer\beamerbasefont.sty (F:\MiKTeX\tex/latex/amsfonts\amssymb.sty
Package: amssymb 2013/01/14 v3.01 AMS font symbols
 (F:\MiKTeX\tex/latex/amsfonts\amsfonts.sty
Package: amsfonts 2013/01/14 v3.01 Basic AMSFonts support
\@emptytoks=\toks29
\symAMSa=\mathgroup4
\symAMSb=\mathgroup5
LaTeX Font Info:    Redeclaring math symbol \hbar on input line 98.
LaTeX Font Info:    Overwriting math alphabet `\mathfrak' in version `bold'
(Font)                  U/euf/m/n --> U/euf/b/n on input line 106.
)) (F:\MiKTeX\tex/latex/sansmathaccent\sansmathaccent.sty
Package: sansmathaccent 2020/01/31
 (F:\MiKTeX\tex/latex/koma-script\scrlfile.sty
Package: scrlfile 2025/12/01 v3.49 KOMA-Script package (file load hooks)
 (F:\MiKTeX\tex/latex/koma-script\scrlfile-hook.sty
Package: scrlfile-hook 2025/12/01 v3.49 KOMA-Script package (using LaTeX hooks)
 (F:\MiKTeX\tex/latex/koma-script\scrlogo.sty
Package: scrlogo 2025/12/01 v3.49 KOMA-Script package (logo)
))))) (F:\MiKTeX\tex/latex/beamer\beamerbasetranslator.sty (F:\MiKTeX\tex/latex/translator\translator.sty
Package: translator 2021-05-31 v1.12d Easy translation of strings in LaTeX
)) (F:\MiKTeX\tex/latex/beamer\beamerbasemisc.sty) (F:\MiKTeX\tex/latex/beamer\beamerbasetwoscreens.sty) (F:\MiKTeX\tex/latex/beamer\beamerbaseoverlay.sty
\beamer@argscount=\count331
\beamer@lastskipcover=\skip52
\beamer@trivlistdepth=\count332
) (F:\MiKTeX\tex/latex/beamer\beamerbasetitle.sty) (F:\MiKTeX\tex/latex/beamer\beamerbasesection.sty
\c@lecture=\count333
\c@part=\count334
\c@section=\count335
\c@subsection=\count336
\c@subsubsection=\count337
) (F:\MiKTeX\tex/latex/beamer\beamerbaseframe.sty
\beamer@framebox=\box68
\beamer@frametitlebox=\box69
\beamer@zoombox=\box70
\beamer@zoomcount=\count338
\beamer@zoomframecount=\count339
\beamer@frametextheight=\dimen279
\c@subsectionslide=\count340
\beamer@frametopskip=\skip53
\beamer@framebottomskip=\skip54
\beamer@frametopskipautobreak=\skip55
\beamer@framebottomskipautobreak=\skip56
\beamer@envbody=\toks30
\framewidth=\dimen280
\c@framenumber=\count341
) (F:\MiKTeX\tex/latex/beamer\beamerbaseverbatim.sty
\beamer@verbatimfileout=\write4
) (F:\MiKTeX\tex/latex/beamer\beamerbaseframesize.sty
\beamer@splitbox=\box71
\beamer@autobreakcount=\count342
\beamer@autobreaklastheight=\dimen281
\beamer@frametitletoks=\toks31
\beamer@framesubtitletoks=\toks32
) (F:\MiKTeX\tex/latex/beamer\beamerbaseframecomponents.sty
\beamer@colheight=\skip57
\beamer@footins=\box72
) (F:\MiKTeX\tex/latex/beamer\beamerbasecolor.sty) (F:\MiKTeX\tex/latex/beamer\beamerbasenotes.sty
\beamer@frameboxcopy=\box73
) (F:\MiKTeX\tex/latex/beamer\beamerbasetoc.sty) (F:\MiKTeX\tex/latex/beamer\beamerbasetemplates.sty
\beamer@sbttoks=\toks33
 (F:\MiKTeX\tex/latex/beamer\beamerbaseauxtemplates.sty (F:\MiKTeX\tex/latex/beamer\beamerbaseboxes.sty
\bmb@box=\box74
\bmb@colorbox=\box75
\bmb@boxwidth=\dimen282
\bmb@boxheight=\dimen283
\bmb@prevheight=\dimen284
\bmb@temp=\dimen285
\bmb@dima=\dimen286
\bmb@dimb=\dimen287
\bmb@prevheight=\dimen288
)
\beamer@blockheadheight=\dimen289
)) (F:\MiKTeX\tex/latex/beamer\beamerbaselocalstructure.sty (F:\MiKTeX\tex/latex/tools\enumerate.sty
Package: enumerate 2023/07/04 v3.00 enumerate extensions (DPC)
\@enLab=\toks34
)
\beamer@bibiconwidth=\skip58
\c@figure=\count343
\c@table=\count344
\abovecaptionskip=\skip59
\belowcaptionskip=\skip60
) (F:\MiKTeX\tex/latex/beamer\beamerbasenavigation.sty (F:\MiKTeX\tex/latex/beamer\beamerbasenavigationsymbols.tex)
\beamer@section@min@dim=\dimen290
) (F:\MiKTeX\tex/latex/beamer\beamerbasetheorems.sty (F:\MiKTeX\tex/latex/amsmath\amsmath.sty
Package: amsmath 2025/07/09 v2.17z AMS math features
\@mathmargin=\skip61

For additional information on amsmath, use the `?' option.
(F:\MiKTeX\tex/latex/amsmath\amstext.sty
Package: amstext 2024/11/17 v2.01 AMS text
 (F:\MiKTeX\tex/latex/amsmath\amsgen.sty
File: amsgen.sty 1999/11/30 v2.0 generic functions
\@emptytoks=\toks35
\ex@=\dimen291
)) (F:\MiKTeX\tex/latex/amsmath\amsbsy.sty
Package: amsbsy 1999/11/29 v1.2d Bold Symbols
\pmbraise@=\dimen292
) (F:\MiKTeX\tex/latex/amsmath\amsopn.sty
Package: amsopn 2022/04/08 v2.04 operator names
)
\inf@bad=\count345
LaTeX Info: Redefining \frac on input line 233.
\uproot@=\count346
\leftroot@=\count347
LaTeX Info: Redefining \overline on input line 398.
LaTeX Info: Redefining \colon on input line 409.
\classnum@=\count348
\DOTSCASE@=\count349
LaTeX Info: Redefining \ldots on input line 495.
LaTeX Info: Redefining \dots on input line 498.
LaTeX Info: Redefining \cdots on input line 619.
\Mathstrutbox@=\box76
\strutbox@=\box77
LaTeX Info: Redefining \big on input line 721.
LaTeX Info: Redefining \Big on input line 722.
LaTeX Info: Redefining \bigg on input line 723.
LaTeX Info: Redefining \Bigg on input line 724.
\big@size=\dimen293
LaTeX Font Info:    Redeclaring font encoding OML on input line 742.
LaTeX Font Info:    Redeclaring font encoding OMS on input line 743.
\macc@depth=\count350
LaTeX Info: Redefining \bmod on input line 904.
LaTeX Info: Redefining \pmod on input line 909.
LaTeX Info: Redefining \smash on input line 939.
LaTeX Info: Redefining \relbar on input line 969.
LaTeX Info: Redefining \Relbar on input line 970.
\c@MaxMatrixCols=\count351
\dotsspace@=\muskip18
\c@parentequation=\count352
\dspbrk@lvl=\count353
\tag@help=\toks36
\row@=\count354
\column@=\count355
\maxfields@=\count356
\andhelp@=\toks37
\eqnshift@=\dimen294
\alignsep@=\dimen295
\tagshift@=\dimen296
\tagwidth@=\dimen297
\totwidth@=\dimen298
\lineht@=\dimen299
\@envbody=\toks38
\multlinegap=\skip62
\multlinetaggap=\skip63
\mathdisplay@stack=\toks39
LaTeX Info: Redefining \[ on input line 2950.
LaTeX Info: Redefining \] on input line 2951.
) (F:\MiKTeX\tex/latex/amscls\amsthm.sty
Package: amsthm 2020/05/29 v2.20.6
\thm@style=\toks40
\thm@bodyfont=\toks41
\thm@headfont=\toks42
\thm@notefont=\toks43
\thm@headpunct=\toks44
\thm@preskip=\skip64
\thm@postskip=\skip65
\thm@headsep=\skip66
\dth@everypar=\toks45
)
\c@theorem=\count357
) (F:\MiKTeX\tex/latex/beamer\beamerbasethemes.sty)) (F:\MiKTeX\tex/latex/beamer\beamerthemedefault.sty (F:\MiKTeX\tex/latex/beamer\beamerfontthemedefault.sty) (F:\MiKTeX\tex/latex/beamer\beamercolorthemedefault.sty) (F:\MiKTeX\tex/latex/beamer\beamerinnerthemedefault.sty
\beamer@dima=\dimen300
\beamer@dimb=\dimen301
) (F:\MiKTeX\tex/latex/beamer\beamerouterthemedefault.sty)))
Setting English language...
(F:\MiKTeX\tex/generic/babel\babel.sty
Package: babel 2025/12/11 v25.17 The multilingual framework for LuaLaTeX, pdfLaTeX and XeLaTeX
\babel@savecnt=\count358
LaTeX Encoding Info:    Redeclaring text command \ij (encoding OT1) on input line 2068.
LaTeX Encoding Info:    Redeclaring text command \IJ (encoding OT1) on input line 2070.
LaTeX Encoding Info:    Redeclaring text command \ij (encoding T1) on input line 2072.
LaTeX Encoding Info:    Redeclaring text command \IJ (encoding T1) on input line 2073.
LaTeX Encoding Info:    Ignoring declaration for text command \ij (encoding ?) on input line 2074.
LaTeX Encoding Info:    Ignoring declaration for text command \IJ (encoding ?) on input line 2076.
LaTeX Encoding Info:    Ignoring declaration for text command \SS (encoding ?) on input line 2101.
\U@D=\dimen302
\l@unhyphenated=\language79
 (F:\MiKTeX\tex/generic/babel\txtbabel.def)
\bbl@readstream=\read3
LaTeX Info: Redefining \textlatin on input line 3963.
\bbl@dirlevel=\count359
Package babel Info: Configuration files are deprecated, as
(babel)             they can break document portability.
(babel)             Reported on input line 4196.

*************************************
* Local config file bblopts.cfg used
*
(F:\MiKTeX\tex/latex/arabi\bblopts.cfg
File: bblopts.cfg 2005/09/08 v0.1 add Arabic and Farsi to "declared" options of babel
) (F:\MiKTeX\tex/generic/babel/locale/en\babel-english.tex)
Package babel Info: Importing font and identification data for english
(babel)             from babel-en.ini. Reported on input line 4320.
 (F:\MiKTeX\tex/latex/babel-english\english.ldf
Language: english 2017/06/06 v3.3r English support from the babel system
Package babel Info: Hyphen rules for 'canadian' set to \l@english
(babel)             (\language0). Reported on input line 102.
Package babel Info: Hyphen rules for 'australian' set to \l@ukenglish
(babel)             (\language73). Reported on input line 105.
Package babel Info: Hyphen rules for 'newzealand' set to \l@ukenglish
(babel)             (\language73). Reported on input line 108.
)) (F:\MiKTeX\tex/latex/psnfss\helvet.sty
Package: helvet 2020/03/25 PSNFSS-v9.3 (WaS) 
) (F:\MiKTeX\tex/latex/base\inputenc.sty
Package: inputenc 2024/02/08 v1.3d Input encoding file
\inpenc@prehook=\toks46
\inpenc@posthook=\toks47
) (F:\MiKTeX\tex/latex/tools\calc.sty
Package: calc 2025/03/01 v4.3b Infix arithmetic (KKT,FJ)
\calc@Acount=\count360
\calc@Bcount=\count361
\calc@Adimen=\dimen303
\calc@Bdimen=\dimen304
\calc@Askip=\skip67
\calc@Bskip=\skip68
LaTeX Info: Redefining \setlength on input line 86.
LaTeX Info: Redefining \addtolength on input line 87.
\calc@Ccount=\count362
\calc@Cskip=\skip69
) (F:\MiKTeX\tex/latex/adjustbox\adjustbox.sty
Package: adjustbox 2025/02/26 v1.3c Adjusting TeX boxes (trim, clip, ...)
 (F:\MiKTeX\tex/latex/xkeyval\xkeyval.sty
Package: xkeyval 2022/06/16 v2.9 package option processing (HA)
 (F:\MiKTeX\tex/generic/xkeyval\xkeyval.tex (F:\MiKTeX\tex/generic/xkeyval\xkvutils.tex
\XKV@toks=\toks48
\XKV@tempa@toks=\toks49
)
\XKV@depth=\count363
File: xkeyval.tex 2014/12/03 v2.7a key=value parser (HA)
)) (F:\MiKTeX\tex/latex/adjustbox\adjcalc.sty
Package: adjcalc 2012/05/16 v1.1 Provides advanced setlength with multiple back-ends (calc, etex, pgfmath)
) (F:\MiKTeX\tex/latex/adjustbox\trimclip.sty
Package: trimclip 2025/02/21 v1.2a Trim and clip general TeX material
 (F:\MiKTeX\tex/latex/collectbox\collectbox.sty
Package: collectbox 2022/10/17 v0.4c Collect macro arguments as boxes
\collectedbox=\box78
)
\tc@llx=\dimen305
\tc@lly=\dimen306
\tc@urx=\dimen307
\tc@ury=\dimen308
Package trimclip Info: Using driver 'tc-pdftex.def'.
 (F:\MiKTeX\tex/latex/adjustbox\tc-pdftex.def
File: tc-pdftex.def 2025/02/26 v2.3 Clipping driver for pdftex
))
\adjbox@Width=\dimen309
\adjbox@Height=\dimen310
\adjbox@Depth=\dimen311
\adjbox@Totalheight=\dimen312
\adjbox@pwidth=\dimen313
\adjbox@pheight=\dimen314
\adjbox@pdepth=\dimen315
\adjbox@ptotalheight=\dimen316
 (F:\MiKTeX\tex/latex/ifoddpage\ifoddpage.sty
Package: ifoddpage 2022/10/18 v1.2 Conditionals for odd/even page detection
\c@checkoddpage=\count364
) (F:\MiKTeX\tex/latex/varwidth\varwidth.sty
Package: varwidth 2009/03/30 ver 0.92;  Variable-width minipages
\@vwid@box=\box79
\sift@deathcycles=\count365
\@vwid@loff=\dimen317
\@vwid@roff=\dimen318
)
==> First Aid for varwidth.sty applied!
) (F:\MiKTeX\tex/latex/textpos\textpos.sty
Package: textpos 2022/07/23 v1.10.1
Package textpos Info: choosing support for LaTeX3 on input line 60.
\TP@textbox=\box80
\TP@holdbox=\box81
\TPHorizModule=\dimen319
\TPVertModule=\dimen320
\TP@margin=\dimen321
\TP@absmargin=\dimen322

Grid set 16 x 16 = 28.45274pt x 17.78296pt
\TPboxrulesize=\dimen323
\TP@ox=\dimen324
\TP@oy=\dimen325
\TP@tbargs=\toks50
TextBlockOrigin set to 0pt x 0pt
) (F:\MiKTeX\tex/latex/hyphenat\hyphenat.sty
Package: hyphenat 2009/09/02 v2.3c hyphenation utilities
\langwohyphens=\language80
LaTeX Info: Redefining \_ on input line 43.
) (F:\MiKTeX\tex/latex/eurosym\eurosym.sty
Package: eurosym 1998/08/06 v1.1 European currency symbol ``Euro''
\@eurobox=\box82
)
   defining Unicode char U+20AC (decimal 8364)
 (F:\MiKTeX\tex/latex/tools\tabularx.sty
Package: tabularx 2023/12/11 v2.12a `tabularx' package (DPC)
 (F:\MiKTeX\tex/latex/tools\array.sty
Package: array 2025/09/25 v2.6n Tabular extension package (FMi)
\col@sep=\dimen326
\ar@mcellbox=\box83
\extrarowheight=\dimen327
\NC@list=\toks51
\extratabsurround=\skip70
\backup@length=\skip71
\ar@cellbox=\box84
)
\TX@col@width=\dimen328
\TX@old@table=\dimen329
\TX@old@col=\dimen330
\TX@target=\dimen331
\TX@delta=\dimen332
\TX@cols=\count366
\TX@ftn=\toks52
) (F:\MiKTeX\tex/latex/tools\multicol.sty
Package: multicol 2025/10/21 v2.0b multicolumn formatting (FMi)
\c@tracingmulticols=\count367
\mult@box=\box85
\multicol@leftmargin=\dimen333
\c@unbalance=\count368
\c@collectmore=\count369
\doublecol@number=\count370
\multicoltolerance=\count371
\multicolpretolerance=\count372
\full@width=\dimen334
\page@free=\dimen335
\premulticols=\dimen336
\postmulticols=\dimen337
\multicolsep=\skip72
\multicolbaselineskip=\skip73
\partial@page=\box86
\last@line=\box87
\mc@boxedresult=\box88
\maxbalancingoverflow=\dimen338
\mult@rightbox=\box89
\mult@grightbox=\box90
\mult@firstbox=\box91
\mult@gfirstbox=\box92
\@tempa=\box93
\@tempa=\box94
\@tempa=\box95
\@tempa=\box96
\@tempa=\box97
\@tempa=\box98
\@tempa=\box99
\@tempa=\box100
\@tempa=\box101
\@tempa=\box102
\@tempa=\box103
\@tempa=\box104
\@tempa=\box105
\@tempa=\box106
\@tempa=\box107
\@tempa=\box108
\@tempa=\box109
\@tempa=\box110
\@tempa=\box111
\@tempa=\box112
\@tempa=\box113
\@tempa=\box114
\@tempa=\box115
\@tempa=\box116
\@tempa=\box117
\@tempa=\box118
\@tempa=\box119
\@tempa=\box120
\@tempa=\box121
\@tempa=\box122
\@tempa=\box123
\@tempa=\box124
\@tempa=\box125
\@tempa=\box126
\@tempa=\box127
\@tempa=\box128
\c@minrows=\count373
\c@columnbadness=\count374
\c@finalcolumnbadness=\count375
\last@try=\dimen339
\multicolovershoot=\dimen340
\multicolundershoot=\dimen341
\mult@nat@firstbox=\box129
\colbreak@box=\box130
\mc@col@check@num=\count376
\g__mc_curr_col_int=\count377
) (F:\MiKTeX\tex/latex/pgf/frontendlayer\tikz.sty (F:\MiKTeX\tex/latex/pgf/basiclayer\pgf.sty
Package: pgf 2025-08-29 v3.1.11a (3.1.11a)
 (F:\MiKTeX\tex/generic/pgf/modules\pgfmoduleshapes.code.tex
File: pgfmoduleshapes.code.tex 2025-08-29 v3.1.11a (3.1.11a)
\pgfnodeparttextbox=\box131
) (F:\MiKTeX\tex/generic/pgf/modules\pgfmoduleplot.code.tex
File: pgfmoduleplot.code.tex 2025-08-29 v3.1.11a (3.1.11a)
) (F:\MiKTeX\tex/latex/pgf/compatibility\pgfcomp-version-0-65.sty
Package: pgfcomp-version-0-65 2025-08-29 v3.1.11a (3.1.11a)
\pgf@nodesepstart=\dimen342
\pgf@nodesepend=\dimen343
) (F:\MiKTeX\tex/latex/pgf/compatibility\pgfcomp-version-1-18.sty
Package: pgfcomp-version-1-18 2025-08-29 v3.1.11a (3.1.11a)
)) (F:\MiKTeX\tex/latex/pgf/utilities\pgffor.sty (F:\MiKTeX\tex/generic/pgf/utilities\pgffor.code.tex
Package: pgffor 2025-08-29 v3.1.11a (3.1.11a)
\pgffor@iter=\dimen344
\pgffor@skip=\dimen345
\pgffor@stack=\toks53
\pgffor@toks=\toks54
)) (F:\MiKTeX\tex/generic/pgf/frontendlayer/tikz\tikz.code.tex
Package: tikz 2025-08-29 v3.1.11a (3.1.11a)
 (F:\MiKTeX\tex/generic/pgf/libraries\pgflibraryplothandlers.code.tex
File: pgflibraryplothandlers.code.tex 2025-08-29 v3.1.11a (3.1.11a)
\pgf@plot@mark@count=\count378
\pgfplotmarksize=\dimen346
)
\tikz@lastx=\dimen347
\tikz@lasty=\dimen348
\tikz@lastxsaved=\dimen349
\tikz@lastysaved=\dimen350
\tikz@lastmovetox=\dimen351
\tikz@lastmovetoy=\dimen352
\tikzleveldistance=\dimen353
\tikzsiblingdistance=\dimen354
\tikz@figbox=\box132
\tikz@figbox@bg=\box133
\tikz@tempbox=\box134
\tikz@tempbox@bg=\box135
\tikztreelevel=\count379
\tikznumberofchildren=\count380
\tikznumberofcurrentchild=\count381
\tikz@fig@count=\count382
 (F:\MiKTeX\tex/generic/pgf/modules\pgfmodulematrix.code.tex
File: pgfmodulematrix.code.tex 2025-08-29 v3.1.11a (3.1.11a)
\pgfmatrixcurrentrow=\count383
\pgfmatrixcurrentcolumn=\count384
\pgf@matrix@numberofcolumns=\count385
)
\tikz@expandcount=\count386
 (F:\MiKTeX\tex/generic/pgf/frontendlayer/tikz/libraries\tikzlibrarytopaths.code.tex
File: tikzlibrarytopaths.code.tex 2025-08-29 v3.1.11a (3.1.11a)
))) (F:\MiKTeX\tex/generic/pgf/frontendlayer/tikz/libraries\tikzlibraryarrows.code.tex
File: tikzlibraryarrows.code.tex 2025-08-29 v3.1.11a (3.1.11a)
 (F:\MiKTeX\tex/generic/pgf/libraries\pgflibraryarrows.code.tex
File: pgflibraryarrows.code.tex 2025-08-29 v3.1.11a (3.1.11a)
\arrowsize=\dimen355
)) (F:\MiKTeX\tex/generic/pgf/frontendlayer/tikz/libraries\tikzlibraryshapes.code.tex
File: tikzlibraryshapes.code.tex 2025-08-29 v3.1.11a (3.1.11a)
 (F:\MiKTeX\tex/generic/pgf/frontendlayer/tikz/libraries\tikzlibraryshapes.geometric.code.tex
File: tikzlibraryshapes.geometric.code.tex 2025-08-29 v3.1.11a (3.1.11a)
 (F:\MiKTeX\tex/generic/pgf/libraries/shapes\pgflibraryshapes.geometric.code.tex
File: pgflibraryshapes.geometric.code.tex 2025-08-29 v3.1.11a (3.1.11a)
)) (F:\MiKTeX\tex/generic/pgf/frontendlayer/tikz/libraries\tikzlibraryshapes.misc.code.tex
File: tikzlibraryshapes.misc.code.tex 2025-08-29 v3.1.11a (3.1.11a)
 (F:\MiKTeX\tex/generic/pgf/libraries/shapes\pgflibraryshapes.misc.code.tex
File: pgflibraryshapes.misc.code.tex 2025-08-29 v3.1.11a (3.1.11a)
)) (F:\MiKTeX\tex/generic/pgf/frontendlayer/tikz/libraries\tikzlibraryshapes.symbols.code.tex
File: tikzlibraryshapes.symbols.code.tex 2025-08-29 v3.1.11a (3.1.11a)
 (F:\MiKTeX\tex/generic/pgf/libraries/shapes\pgflibraryshapes.symbols.code.tex
File: pgflibraryshapes.symbols.code.tex 2025-08-29 v3.1.11a (3.1.11a)
)) (F:\MiKTeX\tex/generic/pgf/frontendlayer/tikz/libraries\tikzlibraryshapes.arrows.code.tex
File: tikzlibraryshapes.arrows.code.tex 2025-08-29 v3.1.11a (3.1.11a)
 (F:\MiKTeX\tex/generic/pgf/libraries/shapes\pgflibraryshapes.arrows.code.tex
File: pgflibraryshapes.arrows.code.tex 2025-08-29 v3.1.11a (3.1.11a)
)) (F:\MiKTeX\tex/generic/pgf/frontendlayer/tikz/libraries\tikzlibraryshapes.callouts.code.tex (F:\MiKTeX\tex/generic/pgf/libraries/shapes\pgflibraryshapes.callouts.code.tex)) (F:\MiKTeX\tex/generic/pgf/frontendlayer/tikz/libraries\tikzlibraryshapes.multipart.code.tex
File: tikzlibraryshapes.multipart.code.tex 2025-08-29 v3.1.11a (3.1.11a)
 (F:\MiKTeX\tex/generic/pgf/libraries/shapes\pgflibraryshapes.multipart.code.tex
File: pgflibraryshapes.multipart.code.tex 2025-08-29 v3.1.11a (3.1.11a)
\pgfnodepartlowerbox=\box136
\pgfnodeparttwobox=\box137
\pgfnodepartthreebox=\box138
\pgfnodepartfourbox=\box139
\pgfnodeparttwentybox=\box140
\pgfnodepartnineteenbox=\box141
\pgfnodeparteighteenbox=\box142
\pgfnodepartseventeenbox=\box143
\pgfnodepartsixteenbox=\box144
\pgfnodepartfifteenbox=\box145
\pgfnodepartfourteenbox=\box146
\pgfnodepartthirteenbox=\box147
\pgfnodeparttwelvebox=\box148
\pgfnodepartelevenbox=\box149
\pgfnodeparttenbox=\box150
\pgfnodepartninebox=\box151
\pgfnodeparteightbox=\box152
\pgfnodepartsevenbox=\box153
\pgfnodepartsixbox=\box154
\pgfnodepartfivebox=\box155
))) (F:\MiKTeX\tex/generic/pgf/frontendlayer/tikz/libraries\tikzlibrarytrees.code.tex
File: tikzlibrarytrees.code.tex 2025-08-29 v3.1.11a (3.1.11a)
) (F:\MiKTeX\tex/generic/pgf/frontendlayer/tikz/libraries\tikzlibrarypositioning.code.tex
File: tikzlibrarypositioning.code.tex 2025-08-29 v3.1.11a (3.1.11a)
) (F:\MiKTeX\tex/generic/pgf/frontendlayer/tikz/libraries\tikzlibrarybackgrounds.code.tex
File: tikzlibrarybackgrounds.code.tex 2025-08-29 v3.1.11a (3.1.11a)
\pgf@layerbox@background=\box156
\pgf@layerboxsaved@background=\box157
) (F:\MiKTeX\tex/generic/pgf/frontendlayer/tikz/libraries\tikzlibraryfit.code.tex
File: tikzlibraryfit.code.tex 2025-08-29 v3.1.11a (3.1.11a)
) (F:\MiKTeX\tex/generic/pgf/frontendlayer/tikz/libraries\tikzlibrarymatrix.code.tex
File: tikzlibrarymatrix.code.tex 2025-08-29 v3.1.11a (3.1.11a)
) (F:\MiKTeX\tex/latex/pgfplots\pgfplots.sty (F:\MiKTeX\tex/generic/pgfplots\pgfplots.revision.tex)
Package: pgfplots 2021/05/15 v1.18.1 Data Visualization (1.18.1)
 (F:\MiKTeX\tex/generic/pgfplots\pgfplots.code.tex (F:\MiKTeX\tex/generic/pgfplots\pgfplotscore.code.tex
\t@pgfplots@toka=\toks55
\t@pgfplots@tokb=\toks56
\t@pgfplots@tokc=\toks57
\pgfplots@tmpa=\dimen356
\c@pgfplots@coordindex=\count387
\c@pgfplots@scanlineindex=\count388
 (F:\MiKTeX\tex/generic/pgfplots/sys\pgfplotssysgeneric.code.tex)) (F:\MiKTeX\tex/generic/pgfplots/libs\pgfplotslibrary.code.tex) (F:\MiKTeX\tex/generic/pgfplots/oldpgfcompatib\pgfplotsoldpgfsupp_loader.code.tex (F:\MiKTeX\tex/generic/pgf/libraries\pgflibraryfpu.code.tex)
Package pgfplots: loading complementary utilities for your pgf version...
\t@pgf@toka=\toks58
\t@pgf@tokb=\toks59
\t@pgf@tokc=\toks60
(F:\MiKTeX\tex/generic/pgfplots/oldpgfcompatib\pgfplotsoldpgfsupp_pgfutil-common-lists.tex)) (F:\MiKTeX\tex/generic/pgfplots/util\pgfplotsutil.code.tex (F:\MiKTeX\tex/generic/pgfplots/liststructure\pgfplotsliststructure.code.tex) (F:\MiKTeX\tex/generic/pgfplots/liststructure\pgfplotsliststructureext.code.tex) (F:\MiKTeX\tex/generic/pgfplots/liststructure\pgfplotsarray.code.tex
\c@pgfplotsarray@tmp=\count389
) (F:\MiKTeX\tex/generic/pgfplots/liststructure\pgfplotsmatrix.code.tex) (F:\MiKTeX\tex/generic/pgfplots/numtable\pgfplotstableshared.code.tex
\c@pgfplotstable@counta=\count390
\t@pgfplotstable@a=\toks61
) (F:\MiKTeX\tex/generic/pgfplots/liststructure\pgfplotsdeque.code.tex) (F:\MiKTeX\tex/generic/pgfplots/util\pgfplotsbinary.code.tex (F:\MiKTeX\tex/generic/pgfplots/util\pgfplotsbinary.data.code.tex)) (F:\MiKTeX\tex/generic/pgfplots/util\pgfplotsutil.verb.code.tex) (F:\MiKTeX\tex/generic/pgfplots/libs\pgflibrarypgfplots.surfshading.code.tex
\c@pgfplotslibrarysurf@no=\count391
 (F:\MiKTeX\tex/generic/pgfplots/sys\pgflibrarypgfplots.surfshading.pgfsys-pdftex.def))) (F:\MiKTeX\tex/generic/pgfplots/util\pgfplotscolormap.code.tex (F:\MiKTeX\tex/generic/pgfplots/util\pgfplotscolor.code.tex)) (F:\MiKTeX\tex/generic/pgfplots\pgfplotsstackedplots.code.tex) (F:\MiKTeX\tex/generic/pgfplots\pgfplotsplothandlers.code.tex (F:\MiKTeX\tex/generic/pgfplots\pgfplotsmeshplothandler.code.tex (F:\MiKTeX\tex/generic/pgfplots\pgfplotsmeshplotimage.code.tex))) (F:\MiKTeX\tex/generic/pgfplots\pgfplots.scaling.code.tex) (F:\MiKTeX\tex/generic/pgfplots\pgfplotscoordprocessing.code.tex) (F:\MiKTeX\tex/generic/pgfplots\pgfplots.errorbars.code.tex) (F:\MiKTeX\tex/generic/pgfplots\pgfplots.markers.code.tex) (F:\MiKTeX\tex/generic/pgfplots\pgfplotsticks.code.tex) (F:\MiKTeX\tex/generic/pgfplots\pgfplots.paths.code.tex) (F:\MiKTeX\tex/generic/pgf/frontendlayer/tikz/libraries\tikzlibrarydecorations.code.tex (F:\MiKTeX\tex/generic/pgf/modules\pgfmoduledecorations.code.tex
\pgfdecoratedcompleteddistance=\dimen357
\pgfdecoratedremainingdistance=\dimen358
\pgfdecoratedinputsegmentcompleteddistance=\dimen359
\pgfdecoratedinputsegmentremainingdistance=\dimen360
\pgf@decorate@distancetomove=\dimen361
\pgf@decorate@repeatstate=\count392
\pgfdecorationsegmentamplitude=\dimen362
\pgfdecorationsegmentlength=\dimen363
)
\tikz@lib@dec@box=\box158
) (F:\MiKTeX\tex/generic/pgf/frontendlayer/tikz/libraries\tikzlibrarydecorations.pathmorphing.code.tex (F:\MiKTeX\tex/generic/pgf/libraries/decorations\pgflibrarydecorations.pathmorphing.code.tex)) (F:\MiKTeX\tex/generic/pgf/frontendlayer/tikz/libraries\tikzlibrarydecorations.pathreplacing.code.tex (F:\MiKTeX\tex/generic/pgf/libraries/decorations\pgflibrarydecorations.pathreplacing.code.tex)) (F:\MiKTeX\tex/generic/pgfplots/libs\tikzlibrarypgfplots.contourlua.code.tex)
\pgfplots@numplots=\count393
\pgfplots@xmin@reg=\dimen364
\pgfplots@xmax@reg=\dimen365
\pgfplots@ymin@reg=\dimen366
\pgfplots@ymax@reg=\dimen367
\pgfplots@zmin@reg=\dimen368
\pgfplots@zmax@reg=\dimen369
) (F:\MiKTeX\tex/generic/pgf/frontendlayer/tikz/libraries\tikzlibraryplotmarks.code.tex
File: tikzlibraryplotmarks.code.tex 2025-08-29 v3.1.11a (3.1.11a)
 (F:\MiKTeX\tex/generic/pgf/libraries\pgflibraryplotmarks.code.tex
File: pgflibraryplotmarks.code.tex 2025-08-29 v3.1.11a (3.1.11a)
))) (F:\MiKTeX\tex/latex/l3packages/xparse\xparse.sty (F:\MiKTeX\tex/latex/l3kernel\expl3.sty
Package: expl3 2025-12-24 L3 programming layer (loader) 
 (F:\MiKTeX\tex/latex/l3backend\l3backend-pdftex.def
File: l3backend-pdftex.def 2025-10-09 L3 backend support: PDF output (pdfTeX)
\l__color_backend_stack_int=\count394
))
Package: xparse 2025-10-09 L3 Experimental document command parser
)
\normPaperwidth=\skip74
\normPaperheight=\skip75
\logowidth=\skip76
\offsetTitle=\skip77
\authorOffsetTitlepage=\skip78
\smallerbaselineskip=\skip79

TextBlockOrigin set to 0.035 \normPaperwidth  x 0.035 \normPaperwidth 
(F:\MiKTeX\tex/latex/tcolorbox\tcolorbox.sty
Package: tcolorbox 2025/11/28 version 6.9.0 text color boxes
 (F:\MiKTeX\tex/latex/tools\verbatim.sty
Package: verbatim 2024-01-22 v1.5x LaTeX2e package for verbatim enhancements
\every@verbatim=\toks62
\verbatim@line=\toks63
\verbatim@in@stream=\read4
) (F:\MiKTeX\tex/latex/environ\environ.sty
Package: environ 2014/05/04 v0.3 A new way to define environments
 (F:\MiKTeX\tex/latex/trimspaces\trimspaces.sty
Package: trimspaces 2009/09/17 v1.1 Trim spaces around a token list
))
\tcb@titlebox=\box159
\tcb@upperbox=\box160
\tcb@lowerbox=\box161
\tcb@phantombox=\box162
\c@tcbbreakpart=\count395
\c@tcblayer=\count396
\c@tcolorbox@number=\count397
\l__tcobox_tmpa_box=\box163
\l__tcobox_tmpa_dim=\dimen370
\tcb@temp=\box164
\tcb@temp=\box165
\tcb@temp=\box166
\tcb@temp=\box167
 (F:\MiKTeX\tex/latex/tcolorbox\tcbraster.code.tex
Library (tcolorbox): 'tcbraster.code.tex' version '6.9.0'
\c@tcbrastercolumn=\count398
\c@tcbrasterrow=\count399
\c@tcbrasternum=\count400
\c@tcbraster=\count401
))) (F:\MiKTeX\tex/latex/makecell\makecell.sty
Package: makecell 2009/08/03 V0.1e Managing of Tab Column Heads and Cells
\rotheadsize=\dimen371
\c@nlinenum=\count402
\TeXr@lab=\toks64
) (F:\MiKTeX\tex/latex/biblatex\biblatex.sty
Package: biblatex 2025/07/10 v3.21 programmable bibliographies (PK/MW)
 (F:\MiKTeX\tex/latex/logreq\logreq.sty
Package: logreq 2010/08/04 v1.0 xml request logger
\lrq@indent=\count403
 (F:\MiKTeX\tex/latex/logreq\logreq.def
File: logreq.def 2010/08/04 v1.0 logreq spec v1.0
)) (F:\MiKTeX\tex/latex/base\ifthen.sty
Package: ifthen 2024/03/16 v1.1e Standard LaTeX ifthen package (DPC)
)
\c@tabx@nest=\count404
\c@listtotal=\count405
\c@listcount=\count406
\c@liststart=\count407
\c@liststop=\count408
\c@citecount=\count409
\c@citetotal=\count410
\c@multicitecount=\count411
\c@multicitetotal=\count412
\c@instcount=\count413
\c@maxnames=\count414
\c@minnames=\count415
\c@maxitems=\count416
\c@minitems=\count417
\c@citecounter=\count418
\c@maxcitecounter=\count419
\c@savedcitecounter=\count420
\c@uniquelist=\count421
\c@uniquename=\count422
\c@refsection=\count423
\c@refsegment=\count424
\c@maxextratitle=\count425
\c@maxextratitleyear=\count426
\c@maxextraname=\count427
\c@maxextradate=\count428
\c@maxextraalpha=\count429
\c@abbrvpenalty=\count430
\c@highnamepenalty=\count431
\c@lownamepenalty=\count432
\c@maxparens=\count433
\c@parenlevel=\count434
\blx@tempcnta=\count435
\blx@tempcntb=\count436
\blx@tempcntc=\count437
\c@blx@maxsection=\count438
\blx@maxsegment@0=\count439
\blx@notetype=\count440
\blx@parenlevel@text=\count441
\blx@parenlevel@foot=\count442
\blx@sectionciteorder@0=\count443
\blx@sectionciteorderinternal@0=\count444
\blx@entrysetcounter=\count445
\blx@biblioinstance=\count446
\labelnumberwidth=\skip80
\labelalphawidth=\skip81
\biblabelsep=\skip82
\bibitemsep=\skip83
\bibnamesep=\skip84
\bibinitsep=\skip85
\bibparsep=\skip86
\bibhang=\skip87
\blx@bcfin=\read5
\blx@bcfout=\write5
\blx@langwohyphens=\language81
\c@mincomprange=\count447
\c@maxcomprange=\count448
\c@mincompwidth=\count449
Package biblatex Info: Trying to load biblatex default data model...
Package biblatex Info: ... file 'blx-dm.def' found.
 (F:\MiKTeX\tex/latex/biblatex\blx-dm.def
File: blx-dm.def 2025/07/10 v3.21 biblatex datamodel (PK/MW)
)
Package biblatex Info: Trying to load biblatex style data model...
Package biblatex Info: ... file 'apa.dbx' found.
 (F:\MiKTeX\tex/latex/biblatex-apa\apa.dbx
File: apa.dbx 2025/08/27 v9.20 APA biblatex style data model
)
Package biblatex Info: Trying to load biblatex custom data model...
Package biblatex Info: ... file 'biblatex-dm.cfg' not found.
\c@afterword=\count450
\c@savedafterword=\count451
\c@annotator=\count452
\c@savedannotator=\count453
\c@author=\count454
\c@savedauthor=\count455
\c@bookauthor=\count456
\c@savedbookauthor=\count457
\c@commentator=\count458
\c@savedcommentator=\count459
\c@editor=\count460
\c@savededitor=\count461
\c@editora=\count462
\c@savededitora=\count463
\c@editorb=\count464
\c@savededitorb=\count465
\c@editorc=\count466
\c@savededitorc=\count467
\c@foreword=\count468
\c@savedforeword=\count469
\c@holder=\count470
\c@savedholder=\count471
\c@introduction=\count472
\c@savedintroduction=\count473
\c@namea=\count474
\c@savednamea=\count475
\c@nameb=\count476
\c@savednameb=\count477
\c@namec=\count478
\c@savednamec=\count479
\c@translator=\count480
\c@savedtranslator=\count481
\c@shortauthor=\count482
\c@savedshortauthor=\count483
\c@shorteditor=\count484
\c@savedshorteditor=\count485
\c@narrator=\count486
\c@savednarrator=\count487
\c@execproducer=\count488
\c@savedexecproducer=\count489
\c@execdirector=\count490
\c@savedexecdirector=\count491
\c@with=\count492
\c@savedwith=\count493
\c@labelname=\count494
\c@savedlabelname=\count495
\c@institution=\count496
\c@savedinstitution=\count497
\c@lista=\count498
\c@savedlista=\count499
\c@listb=\count500
\c@savedlistb=\count501
\c@listc=\count502
\c@savedlistc=\count503
\c@listd=\count504
\c@savedlistd=\count505
\c@liste=\count506
\c@savedliste=\count507
\c@listf=\count508
\c@savedlistf=\count509
\c@location=\count510
\c@savedlocation=\count511
\c@organization=\count512
\c@savedorganization=\count513
\c@origlocation=\count514
\c@savedoriglocation=\count515
\c@origpublisher=\count516
\c@savedorigpublisher=\count517
\c@publisher=\count518
\c@savedpublisher=\count519
\c@language=\count520
\c@savedlanguage=\count521
\c@origlanguage=\count522
\c@savedoriglanguage=\count523
\c@citation=\count524
\c@savedcitation=\count525
\c@pageref=\count526
\c@savedpageref=\count527
\shorthandwidth=\skip88
\shortjournalwidth=\skip89
\shortserieswidth=\skip90
\shorttitlewidth=\skip91
\shortauthorwidth=\skip92
\shorteditorwidth=\skip93
\locallabelnumberwidth=\skip94
\locallabelalphawidth=\skip95
\localshorthandwidth=\skip96
\localshortjournalwidth=\skip97
\localshortserieswidth=\skip98
\localshorttitlewidth=\skip99
\localshortauthorwidth=\skip100
\localshorteditorwidth=\skip101
Package biblatex Info: Trying to load compatibility code...
Package biblatex Info: ... file 'blx-compat.def' found.
 (F:\MiKTeX\tex/latex/biblatex\blx-compat.def
File: blx-compat.def 2025/07/10 v3.21 biblatex compatibility (PK/MW)
)
Package biblatex Info: Trying to load generic definitions...
Package biblatex Info: ... file 'biblatex.def' found.
 (F:\MiKTeX\tex/latex/biblatex\biblatex.def
File: biblatex.def 2025/07/10 v3.21 biblatex compatibility (PK/MW)
\c@textcitecount=\count528
\c@textcitetotal=\count529
\c@textcitemaxnames=\count530
\c@biburlbigbreakpenalty=\count531
\c@biburlbreakpenalty=\count532
\c@biburlnumpenalty=\count533
\c@biburlucpenalty=\count534
\c@biburllcpenalty=\count535
\biburlbigskip=\muskip19
\biburlnumskip=\muskip20
\biburlucskip=\muskip21
\biburllcskip=\muskip22
\c@smartand=\count536
)
Package biblatex Info: Trying to load bibliography style 'apa'...
Package biblatex Info: ... file 'apa.bbx' found.
 (F:\MiKTeX\tex/latex/biblatex-apa\apa.bbx
File: apa.bbx 2025/08/27 v9.20 APA biblatex references style
Package biblatex Info: Trying to load bibliography style 'standard'...
Package biblatex Info: ... file 'standard.bbx' found.
 (F:\MiKTeX\tex/latex/biblatex/bbx\standard.bbx
File: standard.bbx 2025/07/10 v3.21 biblatex bibliography style (PK/MW)
\c@bbx:relatedcount=\count537
\c@bbx:relatedtotal=\count538
)
Package biblatex Info: Delimiter 'nameyeardelim' in context 'bib' already defined, overwriting.
Package biblatex Info: Delimiter 'nameyeardelim' in context 'biblist' already defined, overwriting.
Package biblatex Info: Delimiter 'nonameyeardelim' in context 'bib' already defined, overwriting.
Package biblatex Info: Delimiter 'nonameyeardelim' in context 'biblist' already defined, overwriting.
)
Package biblatex Info: Trying to load citation style 'apa'...
Package biblatex Info: ... file 'apa.cbx' found.
 (F:\MiKTeX\tex/latex/biblatex-apa\apa.cbx
File: apa.cbx 2025/08/27 v9.20 APA biblatex citation style
Package biblatex Info: Delimiter 'nameyeardelim' in context '' already defined, overwriting.
Package biblatex Info: Delimiter 'andothersdelim' in context '' already defined, overwriting.
Package biblatex Info: Redefining '\fullcite'.
Package biblatex Info: Redefining '\citeauthor'.
Package biblatex Info: Redefining '\citeyear'.
Package biblatex Info: Redefining '\cite'.
Package biblatex Info: Redefining '\cites'.
Package biblatex Info: Redefining '\parencite'.
Package biblatex Info: Redefining '\parencites'.
Package biblatex Info: Redefining '\footcite'.
Package biblatex Info: Redefining '\footcites'.
Package biblatex Info: Redefining '\footcitetext'.
Package biblatex Info: Redefining '\footcitetexts'.
Package biblatex Info: Redefining '\smartcite'.
Package biblatex Info: Redefining '\smartcites'.
Package biblatex Info: Redefining '\textcite'.
Package biblatex Info: Redefining '\textcites'.
)
Package biblatex Info: Trying to load configuration file...
Package biblatex Info: ... file 'biblatex.cfg' found.
 (F:\MiKTeX\tex/latex/biblatex\biblatex.cfg
File: biblatex.cfg 
)
Package biblatex Info: Input encoding 'utf8' detected.
Package biblatex Info: Document encoding is UTF8 ....
Package biblatex Info: ... and expl3
(biblatex)             2025-12-24 L3 programming layer (loader) 
(biblatex)             is new enough (at least 2020/04/06),
(biblatex)             setting 'casechanger=expl3'.
 (F:\MiKTeX\tex/latex/biblatex\blx-case-expl3.sty
Package: blx-case-expl3 2025/07/10 v3.21 expl3 case changing code for biblatex
))

Package biblatex Warning: 'babel/polyglossia' detected but 'csquotes' missing.
(biblatex)                Loading 'csquotes' recommended.

\@quotelevel=\count539
\@quotereset=\count540
LaTeX Font Info:    Trying to load font information for OT1+phv on input line 46.
(F:\MiKTeX\tex/latex/psnfss\ot1phv.fd
File: ot1phv.fd 2020/03/25 scalable font definitions for OT1/phv.
)
LaTeX Font Info:    Font shape `OT1/phv/m/n' will be
(Font)              scaled to size 9.49997pt on input line 46.
 (main.aux)
\openout1 = `main.aux'.

LaTeX Font Info:    Checking defaults for OML/cmm/m/it on input line 46.
LaTeX Font Info:    ... okay on input line 46.
LaTeX Font Info:    Checking defaults for OMS/cmsy/m/n on input line 46.
LaTeX Font Info:    ... okay on input line 46.
LaTeX Font Info:    Checking defaults for OT1/cmr/m/n on input line 46.
LaTeX Font Info:    ... okay on input line 46.
LaTeX Font Info:    Checking defaults for T1/cmr/m/n on input line 46.
LaTeX Font Info:    ... okay on input line 46.
LaTeX Font Info:    Checking defaults for TS1/cmr/m/n on input line 46.
LaTeX Font Info:    ... okay on input line 46.
LaTeX Font Info:    Checking defaults for OMX/cmex/m/n on input line 46.
LaTeX Font Info:    ... okay on input line 46.
LaTeX Font Info:    Checking defaults for U/cmr/m/n on input line 46.
LaTeX Font Info:    ... okay on input line 46.
LaTeX Font Info:    Checking defaults for PD1/pdf/m/n on input line 46.
LaTeX Font Info:    ... okay on input line 46.
LaTeX Font Info:    Checking defaults for PU/pdf/m/n on input line 46.
LaTeX Font Info:    ... okay on input line 46.

*geometry* driver: auto-detecting
*geometry* detected driver: pdftex
*geometry* verbose mode - [ preamble ] result:
* driver: pdftex
* paper: custom
* layout: <same size as paper>
* layoutoffset:(h,v)=(0.0pt,0.0pt)
* modes: includehead includefoot 
* h-part:(L,W,R)=(15.93495pt, 423.37418pt, 15.93495pt)
* v-part:(T,H,B)=(0.0pt, 284.52756pt, 0.0pt)
* \paperwidth=455.24408pt
* \paperheight=284.52756pt
* \textwidth=423.37418pt
* \textheight=256.07483pt
* \oddsidemargin=-56.33504pt
* \evensidemargin=-56.33504pt
* \topmargin=-72.26999pt
* \headheight=14.22636pt
* \headsep=0.0pt
* \topskip=10.0pt
* \footskip=14.22636pt
* \marginparwidth=3.0pt
* \marginparsep=11.0pt
* \columnsep=10.0pt
* \skip\footins=9.0pt plus 4.0pt minus 2.0pt
* \hoffset=0.0pt
* \voffset=0.0pt
* \mag=1000
* \@twocolumnfalse
* \@twosidefalse
* \@mparswitchfalse
* \@reversemarginfalse
* (1in=72.27pt=25.4mm, 1cm=28.453pt)

(F:\MiKTeX\tex/context/base/mkii\supp-pdf.mkii
[Loading MPS to PDF converter (version 2006.09.02).]
\scratchcounter=\count541
\scratchdimen=\dimen372
\scratchbox=\box168
\nofMPsegments=\count542
\nofMParguments=\count543
\everyMPshowfont=\toks65
\MPscratchCnt=\count544
\MPscratchDim=\dimen373
\MPnumerator=\count545
\makeMPintoPDFobject=\count546
\everyMPtoPDFconversion=\toks66
) (F:\MiKTeX\tex/latex/epstopdf-pkg\epstopdf-base.sty
Package: epstopdf-base 2020-01-24 v2.11 Base part for package epstopdf
Package epstopdf-base Info: Redefining graphics rule for `.eps' on input line 485.
 (F:\MiKTeX\tex/latex/00miktex\epstopdf-sys.cfg
File: epstopdf-sys.cfg 2021/03/18 v2.0 Configuration of epstopdf for MiKTeX
))
Package hyperref Info: Link coloring OFF on input line 46.
 (main.out) (main.out)
\@outlinefile=\write6
\openout6 = `main.out'.

LaTeX Font Info:    Overwriting symbol font `operators' in version `normal'
(Font)                  OT1/cmr/m/n --> OT1/cmss/m/n on input line 46.
LaTeX Font Info:    Overwriting symbol font `operators' in version `bold'
(Font)                  OT1/cmr/bx/n --> OT1/cmss/b/n on input line 46.
\symnumbers=\mathgroup6
\sympureletters=\mathgroup7
LaTeX Font Info:    Overwriting math alphabet `\mathrm' in version `normal'
(Font)                  OT1/cmss/m/n --> OT1/cmr/m/n on input line 46.
LaTeX Font Info:    Redeclaring math alphabet \mathbf on input line 46.
LaTeX Font Info:    Overwriting math alphabet `\mathbf' in version `normal'
(Font)                  OT1/cmr/bx/n --> OT1/phv/b/n on input line 46.
LaTeX Font Info:    Overwriting math alphabet `\mathbf' in version `bold'
(Font)                  OT1/cmr/bx/n --> OT1/phv/b/n on input line 46.
LaTeX Font Info:    Redeclaring math alphabet \mathsf on input line 46.
LaTeX Font Info:    Overwriting math alphabet `\mathsf' in version `normal'
(Font)                  OT1/cmss/m/n --> OT1/phv/m/n on input line 46.
LaTeX Font Info:    Overwriting math alphabet `\mathsf' in version `bold'
(Font)                  OT1/cmss/bx/n --> OT1/phv/m/n on input line 46.
LaTeX Font Info:    Redeclaring math alphabet \mathit on input line 46.
LaTeX Font Info:    Overwriting math alphabet `\mathit' in version `normal'
(Font)                  OT1/cmr/m/it --> OT1/phv/m/it on input line 46.
LaTeX Font Info:    Overwriting math alphabet `\mathit' in version `bold'
(Font)                  OT1/cmr/bx/it --> OT1/phv/m/it on input line 46.
LaTeX Font Info:    Redeclaring math alphabet \mathtt on input line 46.
LaTeX Font Info:    Overwriting math alphabet `\mathtt' in version `normal'
(Font)                  OT1/cmtt/m/n --> OT1/cmtt/m/n on input line 46.
LaTeX Font Info:    Overwriting math alphabet `\mathtt' in version `bold'
(Font)                  OT1/cmtt/m/n --> OT1/cmtt/m/n on input line 46.
LaTeX Font Info:    Overwriting symbol font `numbers' in version `bold'
(Font)                  OT1/phv/m/n --> OT1/phv/b/n on input line 46.
LaTeX Font Info:    Overwriting symbol font `pureletters' in version `bold'
(Font)                  OT1/phv/m/it --> OT1/phv/b/it on input line 46.
LaTeX Font Info:    Overwriting math alphabet `\mathrm' in version `bold'
(Font)                  OT1/cmss/b/n --> OT1/cmr/b/n on input line 46.
LaTeX Font Info:    Overwriting math alphabet `\mathbf' in version `bold'
(Font)                  OT1/phv/b/n --> OT1/phv/b/n on input line 46.
LaTeX Font Info:    Overwriting math alphabet `\mathsf' in version `bold'
(Font)                  OT1/phv/m/n --> OT1/phv/b/n on input line 46.
LaTeX Font Info:    Overwriting math alphabet `\mathit' in version `bold'
(Font)                  OT1/phv/m/it --> OT1/phv/b/it on input line 46.
LaTeX Font Info:    Overwriting math alphabet `\mathtt' in version `bold'
(Font)                  OT1/cmtt/m/n --> OT1/cmtt/b/n on input line 46.
 (F:\MiKTeX\tex/latex/translator\translator-basic-dictionary-English.dict
Dictionary: translator-basic-dictionary, Language: English 
) (F:\MiKTeX\tex/latex/translator\translator-bibliography-dictionary-English.dict
Dictionary: translator-bibliography-dictionary, Language: English 
) (F:\MiKTeX\tex/latex/translator\translator-environment-dictionary-English.dict
Dictionary: translator-environment-dictionary, Language: English 
) (F:\MiKTeX\tex/latex/translator\translator-months-dictionary-English.dict
Dictionary: translator-months-dictionary, Language: English 
) (F:\MiKTeX\tex/latex/translator\translator-numbers-dictionary-English.dict
Dictionary: translator-numbers-dictionary, Language: English 
) (F:\MiKTeX\tex/latex/translator\translator-theorem-dictionary-English.dict
Dictionary: translator-theorem-dictionary, Language: English 
)

Package pgfplots Warning: running in backwards compatibility mode (unsuitable tick labels; missing features). Consider writing \pgfplotsset{compat=1.18} into your preamble.
 on input line 46.

Package biblatex Info: Trying to load language 'english' -> 'english-apa'...
Package biblatex Info: ... file 'english-apa.lbx' found.
(F:\MiKTeX\tex/latex/biblatex-apa\english-apa.lbx
File: english-apa.lbx 2025/08/27 v9.20 APA biblatex localisation
Package biblatex Info: Trying to load language 'english'...
Package biblatex Info: ... file 'english.lbx' found.
 (F:\MiKTeX\tex/latex/biblatex/lbx\english.lbx
File: english.lbx 2025/07/10 v3.21 biblatex localization (PK/MW)
)
Package biblatex Info: Trying to load language 'american' -> 'american-apa'...
Package biblatex Info: ... file 'american-apa.lbx' found.
 (F:\MiKTeX\tex/latex/biblatex-apa\american-apa.lbx
File: american-apa.lbx 2025/08/27 v9.20 APA biblatex localisation
Package biblatex Info: Trying to load language 'american'...
Package biblatex Info: ... file 'american.lbx' found.
 (F:\MiKTeX\tex/latex/biblatex/lbx\american.lbx
File: american.lbx 2025/07/10 v3.21 biblatex localization (PK/MW)
Package biblatex Info: Trying to load language 'english'...
Package biblatex Info: ... file 'english.lbx' found.
 (F:\MiKTeX\tex/latex/biblatex/lbx\english.lbx
File: english.lbx 2025/07/10 v3.21 biblatex localization (PK/MW)
))))
Package biblatex Info: Input encoding 'utf8' detected.
Package biblatex Info: Automatic encoding selection.
(biblatex)             Assuming data encoding 'utf8'.
\openout5 = `main.bcf'.

Package biblatex Info: Trying to load bibliographic data...
Package biblatex Info: ... file 'main.bbl' found.
 (main.bbl)
Package biblatex Info: Reference section=0 on input line 46.
Package biblatex Info: Reference segment=0 on input line 46.
 (main.nav)
LaTeX Font Info:    Font shape `OT1/phv/m/n' will be
(Font)              scaled to size 4.74998pt on input line 46.
LaTeX Font Info:    Font shape `OT1/phv/m/n' will be
(Font)              scaled to size 7.59998pt on input line 46.
 (F:\MiKTeX\tex/generic/pgf/libraries\pgflibraryarrows.meta.code.tex
File: pgflibraryarrows.meta.code.tex 2025-08-29 v3.1.11a (3.1.11a)
\pgfarrowinset=\dimen374
\pgfarrowlength=\dimen375
\pgfarrowwidth=\dimen376
\pgfarrowlinewidth=\dimen377
) (F:\MiKTeX\tex/generic/pgf/frontendlayer/tikz/libraries\tikzlibrarybending.code.tex
File: tikzlibrarybending.code.tex 2025-08-29 v3.1.11a (3.1.11a)
 (F:\MiKTeX\tex/generic/pgf/modules\pgfmodulebending.code.tex
File: pgfmodulebending.code.tex 2025-08-29 v3.1.11a (3.1.11a)
 (F:\MiKTeX\tex/generic/pgf/modules\pgfmodulenonlineartransformations.code.tex
File: pgfmodulenonlineartransformations.code.tex 2025-08-29 v3.1.11a (3.1.11a)
\pgftransformnonlinearflatness=\dimen378
) (F:\MiKTeX\tex/generic/pgf/libraries\pgflibrarycurvilinear.code.tex
File: pgflibrarycurvilinear.code.tex 2025-08-29 v3.1.11a (3.1.11a)
\pgf@curvilinear@time@a=\dimen379
\pgf@curvilinear@length@a=\dimen380
\pgf@curvilinear@length@b=\dimen381
\pgf@curvilinear@length@c=\dimen382
\pgf@curvilinear@length@d=\dimen383
)
\pgf@arrows@the@rigidity=\dimen384
))
<ressources/Universitaet_Logo_RGB.pdf, id=32, 54.02504pt x 28.452pt>
File: ressources/Universitaet_Logo_RGB.pdf Graphic file (type pdf)
<use ressources/Universitaet_Logo_RGB.pdf>
Package pdftex.def Info: ressources/Universitaet_Logo_RGB.pdf  used on input line 55.
(pdftex.def)             Requested size: 30.04303pt x 15.8223pt.
File: ressources/Universitaet_Logo_RGB.pdf Graphic file (type pdf)
<use ressources/Universitaet_Logo_RGB.pdf>
Package pdftex.def Info: ressources/Universitaet_Logo_RGB.pdf  used on input line 55.
(pdftex.def)             Requested size: 30.04303pt x 15.8223pt.
<ressources/TUM_Uhrenturm.png, id=57, 307.3884pt x 408.5664pt>
File: ressources/TUM_Uhrenturm.png Graphic file (type png)
<use ressources/TUM_Uhrenturm.png>
Package pdftex.def Info: ressources/TUM_Uhrenturm.png  used on input line 55.
(pdftex.def)             Requested size: 193.92867pt x 257.766pt.
LaTeX Font Info:    Font shape `OT1/phv/m/n' will be
(Font)              scaled to size 22.79993pt on input line 55.


LaTeX Font Warning: Font shape `OT1/cmr/m/n' in size <24> not available
(Font)              size <24.88> substituted on input line 55.

LaTeX Font Info:    Font shape `OT1/phv/m/n' will be
(Font)              scaled to size 15.19995pt on input line 55.

LaTeX Font Warning: Font shape `OT1/cmr/m/n' in size <16> not available
(Font)              size <17.28> substituted on input line 55.

LaTeX Font Info:    Trying to load font information for U+msa on input line 55.
(F:\MiKTeX\tex/latex/amsfonts\umsa.fd
File: umsa.fd 2013/01/14 v3.01 AMS symbols A
)
LaTeX Font Info:    Trying to load font information for U+msb on input line 55.
 (F:\MiKTeX\tex/latex/amsfonts\umsb.fd
File: umsb.fd 2013/01/14 v3.01 AMS symbols B
)
LaTeX Font Info:    Font shape `OT1/phv/m/n' will be
(Font)              scaled to size 6.64998pt on input line 55.
LaTeX Font Info:    Font shape `OT1/phv/m/it' in size <10> not available
(Font)              Font shape `OT1/phv/m/sl' tried instead on input line 55.
LaTeX Font Info:    Font shape `OT1/phv/m/sl' will be
(Font)              scaled to size 9.49997pt on input line 55.
LaTeX Font Info:    Font shape `OT1/phv/m/it' in size <7> not available
(Font)              Font shape `OT1/phv/m/sl' tried instead on input line 55.
LaTeX Font Info:    Font shape `OT1/phv/m/sl' will be
(Font)              scaled to size 6.64998pt on input line 55.
LaTeX Font Info:    Font shape `OT1/phv/m/it' in size <5> not available
(Font)              Font shape `OT1/phv/m/sl' tried instead on input line 55.
LaTeX Font Info:    Font shape `OT1/phv/m/sl' will be
(Font)              scaled to size 4.74998pt on input line 55.
 [1

{C:/Users/Adler/AppData/Local/MiKTeX/fonts/map/pdftex/pdftex.map} <./ressources/Universitaet_Logo_RGB.pdf> <./ressources/TUM_Uhrenturm.png>]
File: ressources/Universitaet_Logo_RGB.pdf Graphic file (type pdf)
<use ressources/Universitaet_Logo_RGB.pdf>
Package pdftex.def Info: ressources/Universitaet_Logo_RGB.pdf  used on input line 62.
(pdftex.def)             Requested size: 30.04303pt x 15.8223pt.
 (main.toc)
LaTeX Font Info:    Font shape `OT1/phv/m/n' will be
(Font)              scaled to size 13.67995pt on input line 62.
LaTeX Font Info:    Font shape `OT1/phv/m/n' will be
(Font)              scaled to size 13.29996pt on input line 62.
LaTeX Font Info:    Font shape `OT1/phv/m/n' will be
(Font)              scaled to size 3.79999pt on input line 62.
File: ressources/Universitaet_Logo_RGB.pdf Graphic file (type pdf)
<use ressources/Universitaet_Logo_RGB.pdf>
Package pdftex.def Info: ressources/Universitaet_Logo_RGB.pdf  used on input line 62.
(pdftex.def)             Requested size: 30.04303pt x 15.8223pt.
 [2

{F:/MiKTeX/fonts/enc/dvips/base/8r.enc}]
File: ressources/Universitaet_Logo_RGB.pdf Graphic file (type pdf)
<use ressources/Universitaet_Logo_RGB.pdf>
Package pdftex.def Info: ressources/Universitaet_Logo_RGB.pdf  used on input line 78.
(pdftex.def)             Requested size: 30.04303pt x 15.8223pt.
<ressources/Introduction_FedaratedLearningI.png, id=144, 1083.29718pt x 496.10344pt>
File: ressources/Introduction_FedaratedLearningI.png Graphic file (type png)
<use ressources/Introduction_FedaratedLearningI.png>
Package pdftex.def Info: ressources/Introduction_FedaratedLearningI.png  used on input line 78.
(pdftex.def)             Requested size: 338.70062pt x 155.10764pt.
File: ressources/Universitaet_Logo_RGB.pdf Graphic file (type pdf)
<use ressources/Universitaet_Logo_RGB.pdf>
Package pdftex.def Info: ressources/Universitaet_Logo_RGB.pdf  used on input line 78.
(pdftex.def)             Requested size: 30.04303pt x 15.8223pt.
 [3

 <./ressources/Introduction_FedaratedLearningI.png>]
<ressources/Introduction_FederatedLearningII.png, id=163, 1081.03876pt x 563.10374pt>
File: ressources/Introduction_FederatedLearningII.png Graphic file (type png)
<use ressources/Introduction_FederatedLearningII.png>
Package pdftex.def Info: ressources/Introduction_FederatedLearningII.png  used on input line 78.
(pdftex.def)             Requested size: 338.70062pt x 176.42487pt.
File: ressources/Universitaet_Logo_RGB.pdf Graphic file (type pdf)
<use ressources/Universitaet_Logo_RGB.pdf>
Package pdftex.def Info: ressources/Universitaet_Logo_RGB.pdf  used on input line 78.
(pdftex.def)             Requested size: 30.04303pt x 15.8223pt.
 [4

 <./ressources/Introduction_FederatedLearningII.png>]
<ressources/Introduction_FederatedLearningIII.png, id=182, 1081.03876pt x 571.38469pt>
File: ressources/Introduction_FederatedLearningIII.png Graphic file (type png)
<use ressources/Introduction_FederatedLearningIII.png>
Package pdftex.def Info: ressources/Introduction_FederatedLearningIII.png  used on input line 78.
(pdftex.def)             Requested size: 338.70062pt x 179.01936pt.
File: ressources/Universitaet_Logo_RGB.pdf Graphic file (type pdf)
<use ressources/Universitaet_Logo_RGB.pdf>
Package pdftex.def Info: ressources/Universitaet_Logo_RGB.pdf  used on input line 78.
(pdftex.def)             Requested size: 30.04303pt x 15.8223pt.
 [5

 <./ressources/Introduction_FederatedLearningIII.png>]
File: ressources/Universitaet_Logo_RGB.pdf Graphic file (type pdf)
<use ressources/Universitaet_Logo_RGB.pdf>
Package pdftex.def Info: ressources/Universitaet_Logo_RGB.pdf  used on input line 97.
(pdftex.def)             Requested size: 30.04303pt x 15.8223pt.
LaTeX Font Info:    Font shape `OT1/phv/m/n' will be
(Font)              scaled to size 11.39996pt on input line 97.
LaTeX Font Info:    Calculating math sizes for size <14> on input line 97.
LaTeX Font Info:    Font shape `OT1/phv/m/n' will be
(Font)              scaled to size 9.30992pt on input line 97.
LaTeX Font Info:    Font shape `OT1/phv/m/it' in size <14> not available
(Font)              Font shape `OT1/phv/m/sl' tried instead on input line 97.
LaTeX Font Info:    Font shape `OT1/phv/m/sl' will be
(Font)              scaled to size 13.29996pt on input line 97.
LaTeX Font Info:    Font shape `OT1/phv/m/it' in size <9.79996> not available
(Font)              Font shape `OT1/phv/m/sl' tried instead on input line 97.
LaTeX Font Info:    Font shape `OT1/phv/m/sl' will be
(Font)              scaled to size 9.30992pt on input line 97.
LaTeX Font Info:    Font shape `OT1/phv/m/n' will be
(Font)              scaled to size 5.69998pt on input line 97.
LaTeX Font Info:    Font shape `OT1/phv/m/it' in size <8> not available
(Font)              Font shape `OT1/phv/m/sl' tried instead on input line 97.
LaTeX Font Info:    Font shape `OT1/phv/m/sl' will be
(Font)              scaled to size 7.59998pt on input line 97.
LaTeX Font Info:    Font shape `OT1/phv/m/it' in size <6> not available
(Font)              Font shape `OT1/phv/m/sl' tried instead on input line 97.
LaTeX Font Info:    Font shape `OT1/phv/m/sl' will be
(Font)              scaled to size 5.69998pt on input line 97.
File: ressources/Universitaet_Logo_RGB.pdf Graphic file (type pdf)
<use ressources/Universitaet_Logo_RGB.pdf>
Package pdftex.def Info: ressources/Universitaet_Logo_RGB.pdf  used on input line 97.
(pdftex.def)             Requested size: 30.04303pt x 15.8223pt.
 [6

]
File: ressources/Universitaet_Logo_RGB.pdf Graphic file (type pdf)
<use ressources/Universitaet_Logo_RGB.pdf>
Package pdftex.def Info: ressources/Universitaet_Logo_RGB.pdf  used on input line 97.
(pdftex.def)             Requested size: 30.04303pt x 15.8223pt.
 [7

]
File: ressources/Universitaet_Logo_RGB.pdf Graphic file (type pdf)
<use ressources/Universitaet_Logo_RGB.pdf>
Package pdftex.def Info: ressources/Universitaet_Logo_RGB.pdf  used on input line 97.
(pdftex.def)             Requested size: 30.04303pt x 15.8223pt.
 [8

]
File: ressources/Universitaet_Logo_RGB.pdf Graphic file (type pdf)
<use ressources/Universitaet_Logo_RGB.pdf>
Package pdftex.def Info: ressources/Universitaet_Logo_RGB.pdf  used on input line 107.
(pdftex.def)             Requested size: 30.04303pt x 15.8223pt.
File: ressources/Universitaet_Logo_RGB.pdf Graphic file (type pdf)
<use ressources/Universitaet_Logo_RGB.pdf>
Package pdftex.def Info: ressources/Universitaet_Logo_RGB.pdf  used on input line 107.
(pdftex.def)             Requested size: 30.04303pt x 15.8223pt.
 [9

]
File: ressources/Universitaet_Logo_RGB.pdf Graphic file (type pdf)
<use ressources/Universitaet_Logo_RGB.pdf>
Package pdftex.def Info: ressources/Universitaet_Logo_RGB.pdf  used on input line 107.
(pdftex.def)             Requested size: 30.04303pt x 15.8223pt.
 [10

]
File: ressources/Universitaet_Logo_RGB.pdf Graphic file (type pdf)
<use ressources/Universitaet_Logo_RGB.pdf>
Package pdftex.def Info: ressources/Universitaet_Logo_RGB.pdf  used on input line 107.
(pdftex.def)             Requested size: 30.04303pt x 15.8223pt.
 [11

]
File: ressources/Universitaet_Logo_RGB.pdf Graphic file (type pdf)
<use ressources/Universitaet_Logo_RGB.pdf>
Package pdftex.def Info: ressources/Universitaet_Logo_RGB.pdf  used on input line 123.
(pdftex.def)             Requested size: 30.04303pt x 15.8223pt.
File: ressources/Universitaet_Logo_RGB.pdf Graphic file (type pdf)
<use ressources/Universitaet_Logo_RGB.pdf>
Package pdftex.def Info: ressources/Universitaet_Logo_RGB.pdf  used on input line 123.
(pdftex.def)             Requested size: 30.04303pt x 15.8223pt.
 [12

]
File: ressources/Universitaet_Logo_RGB.pdf Graphic file (type pdf)
<use ressources/Universitaet_Logo_RGB.pdf>
Package pdftex.def Info: ressources/Universitaet_Logo_RGB.pdf  used on input line 123.
(pdftex.def)             Requested size: 30.04303pt x 15.8223pt.
 [13

]
File: ressources/Universitaet_Logo_RGB.pdf Graphic file (type pdf)
<use ressources/Universitaet_Logo_RGB.pdf>
Package pdftex.def Info: ressources/Universitaet_Logo_RGB.pdf  used on input line 123.
(pdftex.def)             Requested size: 30.04303pt x 15.8223pt.
 [14

]
File: ressources/Universitaet_Logo_RGB.pdf Graphic file (type pdf)
<use ressources/Universitaet_Logo_RGB.pdf>
Package pdftex.def Info: ressources/Universitaet_Logo_RGB.pdf  used on input line 123.
(pdftex.def)             Requested size: 30.04303pt x 15.8223pt.
 [15

]
File: ressources/Universitaet_Logo_RGB.pdf Graphic file (type pdf)
<use ressources/Universitaet_Logo_RGB.pdf>
Package pdftex.def Info: ressources/Universitaet_Logo_RGB.pdf  used on input line 123.
(pdftex.def)             Requested size: 30.04303pt x 15.8223pt.
 [16

]
File: ressources/Universitaet_Logo_RGB.pdf Graphic file (type pdf)
<use ressources/Universitaet_Logo_RGB.pdf>
Package pdftex.def Info: ressources/Universitaet_Logo_RGB.pdf  used on input line 135.
(pdftex.def)             Requested size: 30.04303pt x 15.8223pt.
File: ressources/Universitaet_Logo_RGB.pdf Graphic file (type pdf)
<use ressources/Universitaet_Logo_RGB.pdf>
Package pdftex.def Info: ressources/Universitaet_Logo_RGB.pdf  used on input line 135.
(pdftex.def)             Requested size: 30.04303pt x 15.8223pt.
 [17

]
File: ressources/Universitaet_Logo_RGB.pdf Graphic file (type pdf)
<use ressources/Universitaet_Logo_RGB.pdf>
Package pdftex.def Info: ressources/Universitaet_Logo_RGB.pdf  used on input line 135.
(pdftex.def)             Requested size: 30.04303pt x 15.8223pt.
 [18

]
File: ressources/Universitaet_Logo_RGB.pdf Graphic file (type pdf)
<use ressources/Universitaet_Logo_RGB.pdf>
Package pdftex.def Info: ressources/Universitaet_Logo_RGB.pdf  used on input line 148.
(pdftex.def)             Requested size: 30.04303pt x 15.8223pt.
File: ressources/Universitaet_Logo_RGB.pdf Graphic file (type pdf)
<use ressources/Universitaet_Logo_RGB.pdf>
Package pdftex.def Info: ressources/Universitaet_Logo_RGB.pdf  used on input line 148.
(pdftex.def)             Requested size: 30.04303pt x 15.8223pt.
 [19

]
File: ressources/Universitaet_Logo_RGB.pdf Graphic file (type pdf)
<use ressources/Universitaet_Logo_RGB.pdf>
Package pdftex.def Info: ressources/Universitaet_Logo_RGB.pdf  used on input line 174.
(pdftex.def)             Requested size: 30.04303pt x 15.8223pt.
File: ressources/Universitaet_Logo_RGB.pdf Graphic file (type pdf)
<use ressources/Universitaet_Logo_RGB.pdf>
Package pdftex.def Info: ressources/Universitaet_Logo_RGB.pdf  used on input line 174.
(pdftex.def)             Requested size: 30.04303pt x 15.8223pt.
 [20

]
File: ressources/Universitaet_Logo_RGB.pdf Graphic file (type pdf)
<use ressources/Universitaet_Logo_RGB.pdf>
Package pdftex.def Info: ressources/Universitaet_Logo_RGB.pdf  used on input line 174.
(pdftex.def)             Requested size: 30.04303pt x 15.8223pt.
 [21

]
File: ressources/Universitaet_Logo_RGB.pdf Graphic file (type pdf)
<use ressources/Universitaet_Logo_RGB.pdf>
Package pdftex.def Info: ressources/Universitaet_Logo_RGB.pdf  used on input line 174.
(pdftex.def)             Requested size: 30.04303pt x 15.8223pt.
 [22

]
File: ressources/Universitaet_Logo_RGB.pdf Graphic file (type pdf)
<use ressources/Universitaet_Logo_RGB.pdf>
Package pdftex.def Info: ressources/Universitaet_Logo_RGB.pdf  used on input line 174.
(pdftex.def)             Requested size: 30.04303pt x 15.8223pt.
 [23

]
File: ressources/Universitaet_Logo_RGB.pdf Graphic file (type pdf)
<use ressources/Universitaet_Logo_RGB.pdf>
Package pdftex.def Info: ressources/Universitaet_Logo_RGB.pdf  used on input line 183.
(pdftex.def)             Requested size: 30.04303pt x 15.8223pt.
<ressources/MaintaskAccuracy.png, id=602, 362.664pt x 217.467pt>
File: ressources/MaintaskAccuracy.png Graphic file (type png)
<use ressources/MaintaskAccuracy.png>
Package pdftex.def Info: ressources/MaintaskAccuracy.png  used on input line 183.
(pdftex.def)             Requested size: 275.19063pt x 165.01447pt.
LaTeX Font Info:    Font shape `OT1/phv/m/n' will be
(Font)              scaled to size 8.54997pt on input line 183.
LaTeX Font Info:    Font shape `OT1/phv/m/it' in size <9> not available
(Font)              Font shape `OT1/phv/m/sl' tried instead on input line 183.
LaTeX Font Info:    Font shape `OT1/phv/m/sl' will be
(Font)              scaled to size 8.54997pt on input line 183.

Overfull \vbox (1.38852pt too high) detected at line 183
 []

File: ressources/Universitaet_Logo_RGB.pdf Graphic file (type pdf)
<use ressources/Universitaet_Logo_RGB.pdf>
Package pdftex.def Info: ressources/Universitaet_Logo_RGB.pdf  used on input line 183.
(pdftex.def)             Requested size: 30.04303pt x 15.8223pt.
[24

 <./ressources/MaintaskAccuracy.png>]
File: ressources/Universitaet_Logo_RGB.pdf Graphic file (type pdf)
<use ressources/Universitaet_Logo_RGB.pdf>
Package pdftex.def Info: ressources/Universitaet_Logo_RGB.pdf  used on input line 196.
(pdftex.def)             Requested size: 30.04303pt x 15.8223pt.
<ressources/FashionMNIST-IID.png, id=633, 843.15pt x 593.21625pt>
File: ressources/FashionMNIST-IID.png Graphic file (type png)
<use ressources/FashionMNIST-IID.png>
Package pdftex.def Info: ressources/FashionMNIST-IID.png  used on input line 196.
(pdftex.def)             Requested size: 232.85709pt x 163.82742pt.
File: ressources/Universitaet_Logo_RGB.pdf Graphic file (type pdf)
<use ressources/Universitaet_Logo_RGB.pdf>
Package pdftex.def Info: ressources/Universitaet_Logo_RGB.pdf  used on input line 196.
(pdftex.def)             Requested size: 30.04303pt x 15.8223pt.
 [25

 <./ressources/FashionMNIST-IID.png>]
<ressources/FashionMNIST-NonIID.png, id=652, 796.47563pt x 587.19376pt>
File: ressources/FashionMNIST-NonIID.png Graphic file (type png)
<use ressources/FashionMNIST-NonIID.png>
Package pdftex.def Info: ressources/FashionMNIST-NonIID.png  used on input line 196.
(pdftex.def)             Requested size: 211.68709pt x 156.06255pt.
File: ressources/Universitaet_Logo_RGB.pdf Graphic file (type pdf)
<use ressources/Universitaet_Logo_RGB.pdf>
Package pdftex.def Info: ressources/Universitaet_Logo_RGB.pdf  used on input line 196.
(pdftex.def)             Requested size: 30.04303pt x 15.8223pt.
 [26

 <./ressources/FashionMNIST-NonIID.png>]
File: ressources/Universitaet_Logo_RGB.pdf Graphic file (type pdf)
<use ressources/Universitaet_Logo_RGB.pdf>
Package pdftex.def Info: ressources/Universitaet_Logo_RGB.pdf  used on input line 222.
(pdftex.def)             Requested size: 30.04303pt x 15.8223pt.
File: ressources/Universitaet_Logo_RGB.pdf Graphic file (type pdf)
<use ressources/Universitaet_Logo_RGB.pdf>
Package pdftex.def Info: ressources/Universitaet_Logo_RGB.pdf  used on input line 222.
(pdftex.def)             Requested size: 30.04303pt x 15.8223pt.
 [27

]
File: ressources/Universitaet_Logo_RGB.pdf Graphic file (type pdf)
<use ressources/Universitaet_Logo_RGB.pdf>
Package pdftex.def Info: ressources/Universitaet_Logo_RGB.pdf  used on input line 222.
(pdftex.def)             Requested size: 30.04303pt x 15.8223pt.
 [28

]
File: ressources/Universitaet_Logo_RGB.pdf Graphic file (type pdf)
<use ressources/Universitaet_Logo_RGB.pdf>
Package pdftex.def Info: ressources/Universitaet_Logo_RGB.pdf  used on input line 222.
(pdftex.def)             Requested size: 30.04303pt x 15.8223pt.
 [29

]
File: ressources/Universitaet_Logo_RGB.pdf Graphic file (type pdf)
<use ressources/Universitaet_Logo_RGB.pdf>
Package pdftex.def Info: ressources/Universitaet_Logo_RGB.pdf  used on input line 235.
(pdftex.def)             Requested size: 30.04303pt x 15.8223pt.
LaTeX Font Info:    Font shape `OT1/phv/m/n' will be
(Font)              scaled to size 23.63593pt on input line 235.
File: ressources/Universitaet_Logo_RGB.pdf Graphic file (type pdf)
<use ressources/Universitaet_Logo_RGB.pdf>
Package pdftex.def Info: ressources/Universitaet_Logo_RGB.pdf  used on input line 235.
(pdftex.def)             Requested size: 30.04303pt x 15.8223pt.
 [30

]
File: ressources/Universitaet_Logo_RGB.pdf Graphic file (type pdf)
<use ressources/Universitaet_Logo_RGB.pdf>
Package pdftex.def Info: ressources/Universitaet_Logo_RGB.pdf  used on input line 235.
(pdftex.def)             Requested size: 30.04303pt x 15.8223pt.
 [31

]
File: ressources/Universitaet_Logo_RGB.pdf Graphic file (type pdf)
<use ressources/Universitaet_Logo_RGB.pdf>
Package pdftex.def Info: ressources/Universitaet_Logo_RGB.pdf  used on input line 235.
(pdftex.def)             Requested size: 30.04303pt x 15.8223pt.
 [32

]
File: ressources/Universitaet_Logo_RGB.pdf Graphic file (type pdf)
<use ressources/Universitaet_Logo_RGB.pdf>
Package pdftex.def Info: ressources/Universitaet_Logo_RGB.pdf  used on input line 235.
(pdftex.def)             Requested size: 30.04303pt x 15.8223pt.
 [33

]
File: ressources/Universitaet_Logo_RGB.pdf Graphic file (type pdf)
<use ressources/Universitaet_Logo_RGB.pdf>
Package pdftex.def Info: ressources/Universitaet_Logo_RGB.pdf  used on input line 246.
(pdftex.def)             Requested size: 30.04303pt x 15.8223pt.
File: ressources/Universitaet_Logo_RGB.pdf Graphic file (type pdf)
<use ressources/Universitaet_Logo_RGB.pdf>
Package pdftex.def Info: ressources/Universitaet_Logo_RGB.pdf  used on input line 246.
(pdftex.def)             Requested size: 30.04303pt x 15.8223pt.
 [34

 <F:/MiKTeX/tex/latex/beamer/beamericonarticle.pdf>]
File: ressources/Universitaet_Logo_RGB.pdf Graphic file (type pdf)
<use ressources/Universitaet_Logo_RGB.pdf>
Package pdftex.def Info: ressources/Universitaet_Logo_RGB.pdf  used on input line 250.
(pdftex.def)             Requested size: 30.04303pt x 15.8223pt.
File: ressources/Universitaet_Logo_RGB.pdf Graphic file (type pdf)
<use ressources/Universitaet_Logo_RGB.pdf>
Package pdftex.def Info: ressources/Universitaet_Logo_RGB.pdf  used on input line 250.
(pdftex.def)             Requested size: 30.04303pt x 15.8223pt.
 [35

]
File: ressources/Universitaet_Logo_RGB.pdf Graphic file (type pdf)
<use ressources/Universitaet_Logo_RGB.pdf>
Package pdftex.def Info: ressources/Universitaet_Logo_RGB.pdf  used on input line 253.
(pdftex.def)             Requested size: 30.04303pt x 15.8223pt.
File: ressources/Universitaet_Logo_RGB.pdf Graphic file (type pdf)
<use ressources/Universitaet_Logo_RGB.pdf>
Package pdftex.def Info: ressources/Universitaet_Logo_RGB.pdf  used on input line 253.
(pdftex.def)             Requested size: 30.04303pt x 15.8223pt.
 [36

]
File: ressources/Universitaet_Logo_RGB.pdf Graphic file (type pdf)
<use ressources/Universitaet_Logo_RGB.pdf>
Package pdftex.def Info: ressources/Universitaet_Logo_RGB.pdf  used on input line 262.
(pdftex.def)             Requested size: 30.04303pt x 15.8223pt.
File: ressources/Universitaet_Logo_RGB.pdf Graphic file (type pdf)
<use ressources/Universitaet_Logo_RGB.pdf>
Package pdftex.def Info: ressources/Universitaet_Logo_RGB.pdf  used on input line 262.
(pdftex.def)             Requested size: 30.04303pt x 15.8223pt.
 [37

]
\tf@nav=\write7
\openout7 = `main.nav'.

\tf@toc=\write8
\openout8 = `main.toc'.

\tf@snm=\write9
\openout9 = `main.snm'.

 (main.aux)
 ***********
LaTeX2e <2025-11-01>
L3 programming layer <2025-12-24>
 ***********


LaTeX Font Warning: Size substitutions with differences
(Font)              up to 1.28pt have occurred.

Package rerunfilecheck Info: File `main.out' has not changed.
(rerunfilecheck)             Checksum: 3E73902F02BE7CAB37FE0BEF7D35E86F;455.
Package logreq Info: Writing requests to 'main.run.xml'.
\openout1 = `main.run.xml'.

 ) 
Here is how much of TeX's memory you used:
 51345 strings out of 467871
 1184547 string characters out of 5435212
 2216461 words of memory out of 5000000
 79252 multiletter control sequences out of 15000+600000
 666901 words of font info for 118 fonts, out of 8000000 for 9000
 1141 hyphenation exceptions out of 8191
 142i,16n,137p,1232b,5183s stack positions out of 10000i,1000n,20000p,200000b,200000s
<F:/MiKTeX/fonts/type1/public/amsfonts/cm/cmbx10.pfb><F:/MiKTeX/fonts/type1/public/amsfonts/cm/cmex10.pfb><F:/MiKTeX/fonts/type1/public/amsfonts/cm/cmmi10.pfb><F:/MiKTeX/fonts/type1/public/amsfonts/cm/cmmi7.pfb><F:/MiKTeX/fonts/type1/public/amsfonts/cm/cmr10.pfb><F:/MiKTeX/fonts/type1/public/amsfonts/cm/cmr12.pfb><F:/MiKTeX/fonts/type1/public/amsfonts/cm/cmr17.pfb><F:/MiKTeX/fonts/type1/public/amsfonts/cm/cmr7.pfb><F:/MiKTeX/fonts/type1/public/amsfonts/cm/cmr8.pfb><F:/MiKTeX/fonts/type1/public/amsfonts/cm/cmr9.pfb><F:/MiKTeX/fonts/type1/public/amsfonts/cm/cmss10.pfb><F:/MiKTeX/fonts/type1/public/amsfonts/cm/cmss8.pfb><F:/MiKTeX/fonts/type1/public/amsfonts/cm/cmsy10.pfb><F:/MiKTeX/fonts/type1/public/amsfonts/cm/cmsy7.pfb><F:/MiKTeX/fonts/type1/public/amsfonts/symbols/msam10.pfb><F:/MiKTeX/fonts/type1/public/amsfonts/symbols/msbm7.pfb><F:/MiKTeX/fonts/type1/urw/helvetic/uhvr8a.pfb><F:/MiKTeX/fonts/type1/urw/helvetic/uhvro8a.pfb>
Output written on main.pdf (37 pages, 1156522 bytes).
PDF statistics:
 1038 PDF objects out of 1200 (max. 8388607)
 83 named destinations out of 1000 (max. 500000)
 123 words of extra memory for PDF output out of 10000 (max. 10000000)

